{"C:\\coinbitclub-market-bot\\dist\\index.js": {"path":"C:\\coinbitclub-market-bot\\dist\\index.js","statementMap":{},"fnMap":{},"branchMap":{},"s":{},"f":{},"b":{},"_coverageSchema":"1a1c01bbd47fc00a2c39e90264f33305004495a9","hash":"4cf81be08f4a9c55e3707a1a49b0edd8554dd586"}
,"C:\\coinbitclub-market-bot\\src\\database.js": {"path":"C:\\coinbitclub-market-bot\\src\\database.js","statementMap":{"0":{"start":{"line":3,"column":17},"end":{"line":3,"column":20}},"1":{"start":{"line":6,"column":20},"end":{"line":11,"column":2}},"2":{"start":{"line":15,"column":19},"end":{"line":18,"column":3}},"3":{"start":{"line":19,"column":2},"end":{"line":19,"column":25}},"4":{"start":{"line":23,"column":2},"end":{"line":23,"column":52}},"5":{"start":{"line":24,"column":19},"end":{"line":27,"column":3}},"6":{"start":{"line":28,"column":2},"end":{"line":28,"column":41}},"7":{"start":{"line":29,"column":2},"end":{"line":29,"column":25}},"8":{"start":{"line":33,"column":15},"end":{"line":33,"column":56}},"9":{"start":{"line":34,"column":18},"end":{"line":34,"column":20}},"10":{"start":{"line":35,"column":17},"end":{"line":35,"column":19}},"11":{"start":{"line":36,"column":12},"end":{"line":36,"column":13}},"12":{"start":{"line":38,"column":2},"end":{"line":44,"column":3}},"13":{"start":{"line":39,"column":4},"end":{"line":43,"column":5}},"14":{"start":{"line":40,"column":6},"end":{"line":40,"column":39}},"15":{"start":{"line":41,"column":6},"end":{"line":41,"column":29}},"16":{"start":{"line":42,"column":6},"end":{"line":42,"column":12}},"17":{"start":{"line":46,"column":2},"end":{"line":48,"column":3}},"18":{"start":{"line":47,"column":4},"end":{"line":47,"column":52}},"19":{"start":{"line":50,"column":2},"end":{"line":50,"column":22}},"20":{"start":{"line":51,"column":14},"end":{"line":56,"column":3}},"21":{"start":{"line":57,"column":19},"end":{"line":57,"column":48}},"22":{"start":{"line":58,"column":2},"end":{"line":58,"column":17}},"23":{"start":{"line":63,"column":23},"end":{"line":67,"column":3}},"24":{"start":{"line":68,"column":2},"end":{"line":68,"column":18}},"25":{"start":{"line":73,"column":23},"end":{"line":77,"column":3}},"26":{"start":{"line":78,"column":2},"end":{"line":78,"column":18}}},"fnMap":{"0":{"name":"getUserByEmail","decl":{"start":{"line":14,"column":22},"end":{"line":14,"column":36}},"loc":{"start":{"line":14,"column":44},"end":{"line":20,"column":1}},"line":14},"1":{"name":"getUserById","decl":{"start":{"line":22,"column":22},"end":{"line":22,"column":33}},"loc":{"start":{"line":22,"column":42},"end":{"line":30,"column":1}},"line":22},"2":{"name":"updateUser","decl":{"start":{"line":32,"column":22},"end":{"line":32,"column":32}},"loc":{"start":{"line":32,"column":47},"end":{"line":59,"column":1}},"line":32},"3":{"name":"cleanExpiredTestUsers","decl":{"start":{"line":62,"column":22},"end":{"line":62,"column":43}},"loc":{"start":{"line":62,"column":46},"end":{"line":69,"column":1}},"line":62},"4":{"name":"cleanOldInactiveUsers","decl":{"start":{"line":72,"column":22},"end":{"line":72,"column":43}},"loc":{"start":{"line":72,"column":46},"end":{"line":79,"column":1}},"line":72}},"branchMap":{"0":{"loc":{"start":{"line":8,"column":7},"end":{"line":10,"column":11}},"type":"cond-expr","locations":[{"start":{"line":9,"column":6},"end":{"line":9,"column":35}},{"start":{"line":10,"column":6},"end":{"line":10,"column":11}}],"line":8},"1":{"loc":{"start":{"line":19,"column":9},"end":{"line":19,"column":24}},"type":"binary-expr","locations":[{"start":{"line":19,"column":9},"end":{"line":19,"column":16}},{"start":{"line":19,"column":20},"end":{"line":19,"column":24}}],"line":19},"2":{"loc":{"start":{"line":29,"column":9},"end":{"line":29,"column":24}},"type":"binary-expr","locations":[{"start":{"line":29,"column":9},"end":{"line":29,"column":16}},{"start":{"line":29,"column":20},"end":{"line":29,"column":24}}],"line":29},"3":{"loc":{"start":{"line":39,"column":4},"end":{"line":43,"column":5}},"type":"if","locations":[{"start":{"line":39,"column":4},"end":{"line":43,"column":5}},{"start":{},"end":{}}],"line":39},"4":{"loc":{"start":{"line":46,"column":2},"end":{"line":48,"column":3}},"type":"if","locations":[{"start":{"line":46,"column":2},"end":{"line":48,"column":3}},{"start":{},"end":{}}],"line":46}},"s":{"0":8,"1":8,"2":0,"3":0,"4":0,"5":0,"6":0,"7":0,"8":0,"9":0,"10":0,"11":0,"12":0,"13":0,"14":0,"15":0,"16":0,"17":0,"18":0,"19":0,"20":0,"21":0,"22":0,"23":0,"24":0,"25":0,"26":0},"f":{"0":0,"1":0,"2":0,"3":0,"4":0},"b":{"0":[7,1],"1":[0,0],"2":[0,0],"3":[0,0],"4":[0,0]},"_coverageSchema":"1a1c01bbd47fc00a2c39e90264f33305004495a9","hash":"93a42e5ceec5c17806a48fa4a6284c014938cc83"}
,"C:\\coinbitclub-market-bot\\src\\index.js": {"path":"C:\\coinbitclub-market-bot\\src\\index.js","statementMap":{"0":{"start":{"line":14,"column":0},"end":{"line":14,"column":36}},"1":{"start":{"line":15,"column":0},"end":{"line":15,"column":35}},"2":{"start":{"line":50,"column":12},"end":{"line":50,"column":21}},"3":{"start":{"line":51,"column":0},"end":{"line":51,"column":26}},"4":{"start":{"line":53,"column":13},"end":{"line":53,"column":63}},"5":{"start":{"line":54,"column":0},"end":{"line":57,"column":1}},"6":{"start":{"line":55,"column":2},"end":{"line":55,"column":44}},"7":{"start":{"line":56,"column":2},"end":{"line":56,"column":18}},"8":{"start":{"line":58,"column":0},"end":{"line":61,"column":1}},"9":{"start":{"line":59,"column":2},"end":{"line":59,"column":53}},"10":{"start":{"line":60,"column":2},"end":{"line":60,"column":18}},"11":{"start":{"line":62,"column":22},"end":{"line":62,"column":47}},"12":{"start":{"line":63,"column":21},"end":{"line":63,"column":52}},"13":{"start":{"line":65,"column":15},"end":{"line":69,"column":1}},"14":{"start":{"line":66,"column":2},"end":{"line":68,"column":3}},"15":{"start":{"line":67,"column":4},"end":{"line":67,"column":73}},"16":{"start":{"line":71,"column":0},"end":{"line":82,"column":1}},"17":{"start":{"line":72,"column":2},"end":{"line":72,"column":56}},"18":{"start":{"line":73,"column":17},"end":{"line":73,"column":33}},"19":{"start":{"line":74,"column":2},"end":{"line":81,"column":4}},"20":{"start":{"line":75,"column":19},"end":{"line":79,"column":5}},"21":{"start":{"line":80,"column":4},"end":{"line":80,"column":42}},"22":{"start":{"line":84,"column":0},"end":{"line":88,"column":4}},"23":{"start":{"line":89,"column":0},"end":{"line":89,"column":25}},"24":{"start":{"line":91,"column":23},"end":{"line":91,"column":108}},"25":{"start":{"line":91,"column":74},"end":{"line":91,"column":105}},"26":{"start":{"line":92,"column":20},"end":{"line":92,"column":59}},"27":{"start":{"line":93,"column":23},"end":{"line":93,"column":64}},"28":{"start":{"line":95,"column":0},"end":{"line":95,"column":24}},"29":{"start":{"line":96,"column":0},"end":{"line":96,"column":36}},"30":{"start":{"line":97,"column":0},"end":{"line":97,"column":67}},"31":{"start":{"line":99,"column":0},"end":{"line":114,"column":1}},"32":{"start":{"line":100,"column":2},"end":{"line":100,"column":59}},"33":{"start":{"line":102,"column":2},"end":{"line":113,"column":5}},"34":{"start":{"line":103,"column":4},"end":{"line":105,"column":5}},"35":{"start":{"line":104,"column":6},"end":{"line":104,"column":117}},"36":{"start":{"line":106,"column":22},"end":{"line":106,"column":78}},"37":{"start":{"line":107,"column":16},"end":{"line":107,"column":45}},"38":{"start":{"line":108,"column":4},"end":{"line":111,"column":5}},"39":{"start":{"line":109,"column":6},"end":{"line":109,"column":20}},"40":{"start":{"line":110,"column":6},"end":{"line":110,"column":20}},"41":{"start":{"line":112,"column":4},"end":{"line":112,"column":68}},"42":{"start":{"line":116,"column":0},"end":{"line":116,"column":24}},"43":{"start":{"line":117,"column":21},"end":{"line":121,"column":2}},"44":{"start":{"line":122,"column":0},"end":{"line":126,"column":3}},"45":{"start":{"line":123,"column":14},"end":{"line":123,"column":39}},"46":{"start":{"line":124,"column":2},"end":{"line":124,"column":112}},"47":{"start":{"line":124,"column":25},"end":{"line":124,"column":110}},"48":{"start":{"line":125,"column":2},"end":{"line":125,"column":9}},"49":{"start":{"line":128,"column":0},"end":{"line":128,"column":55}},"50":{"start":{"line":128,"column":28},"end":{"line":128,"column":53}},"51":{"start":{"line":129,"column":0},"end":{"line":129,"column":64}},"52":{"start":{"line":129,"column":48},"end":{"line":129,"column":62}},"53":{"start":{"line":130,"column":0},"end":{"line":133,"column":3}},"54":{"start":{"line":131,"column":2},"end":{"line":131,"column":48}},"55":{"start":{"line":132,"column":2},"end":{"line":132,"column":37}},"56":{"start":{"line":135,"column":19},"end":{"line":135,"column":63}},"57":{"start":{"line":136,"column":0},"end":{"line":136,"column":63}},"58":{"start":{"line":139,"column":2},"end":{"line":139,"column":46}},"59":{"start":{"line":139,"column":23},"end":{"line":139,"column":46}},"60":{"start":{"line":140,"column":15},"end":{"line":140,"column":40}},"61":{"start":{"line":141,"column":2},"end":{"line":141,"column":63}},"62":{"start":{"line":141,"column":35},"end":{"line":141,"column":63}},"63":{"start":{"line":142,"column":2},"end":{"line":142,"column":14}},"64":{"start":{"line":145,"column":0},"end":{"line":161,"column":3}},"65":{"start":{"line":146,"column":2},"end":{"line":147,"column":61}},"66":{"start":{"line":147,"column":4},"end":{"line":147,"column":61}},"67":{"start":{"line":148,"column":2},"end":{"line":151,"column":3}},"68":{"start":{"line":149,"column":4},"end":{"line":149,"column":52}},"69":{"start":{"line":150,"column":4},"end":{"line":150,"column":51}},"70":{"start":{"line":152,"column":2},"end":{"line":160,"column":3}},"71":{"start":{"line":153,"column":20},"end":{"line":153,"column":41}},"72":{"start":{"line":154,"column":19},"end":{"line":154,"column":44}},"73":{"start":{"line":155,"column":4},"end":{"line":155,"column":38}},"74":{"start":{"line":157,"column":4},"end":{"line":158,"column":58}},"75":{"start":{"line":158,"column":6},"end":{"line":158,"column":58}},"76":{"start":{"line":159,"column":4},"end":{"line":159,"column":14}},"77":{"start":{"line":163,"column":0},"end":{"line":179,"column":3}},"78":{"start":{"line":164,"column":2},"end":{"line":165,"column":61}},"79":{"start":{"line":165,"column":4},"end":{"line":165,"column":61}},"80":{"start":{"line":166,"column":2},"end":{"line":169,"column":3}},"81":{"start":{"line":167,"column":4},"end":{"line":167,"column":55}},"82":{"start":{"line":168,"column":4},"end":{"line":168,"column":51}},"83":{"start":{"line":170,"column":2},"end":{"line":178,"column":3}},"84":{"start":{"line":171,"column":20},"end":{"line":171,"column":44}},"85":{"start":{"line":172,"column":19},"end":{"line":172,"column":47}},"86":{"start":{"line":173,"column":4},"end":{"line":173,"column":38}},"87":{"start":{"line":175,"column":4},"end":{"line":176,"column":58}},"88":{"start":{"line":176,"column":6},"end":{"line":176,"column":58}},"89":{"start":{"line":177,"column":4},"end":{"line":177,"column":14}},"90":{"start":{"line":182,"column":0},"end":{"line":182,"column":31}},"91":{"start":{"line":183,"column":0},"end":{"line":183,"column":39}},"92":{"start":{"line":184,"column":0},"end":{"line":184,"column":25}},"93":{"start":{"line":185,"column":0},"end":{"line":185,"column":29}},"94":{"start":{"line":186,"column":0},"end":{"line":186,"column":36}},"95":{"start":{"line":187,"column":0},"end":{"line":187,"column":39}},"96":{"start":{"line":188,"column":0},"end":{"line":188,"column":39}},"97":{"start":{"line":189,"column":0},"end":{"line":189,"column":39}},"98":{"start":{"line":190,"column":0},"end":{"line":190,"column":31}},"99":{"start":{"line":191,"column":0},"end":{"line":191,"column":45}},"100":{"start":{"line":192,"column":0},"end":{"line":192,"column":33}},"101":{"start":{"line":193,"column":0},"end":{"line":193,"column":47}},"102":{"start":{"line":194,"column":0},"end":{"line":194,"column":30}},"103":{"start":{"line":195,"column":0},"end":{"line":195,"column":33}},"104":{"start":{"line":196,"column":0},"end":{"line":196,"column":46}},"105":{"start":{"line":197,"column":0},"end":{"line":197,"column":35}},"106":{"start":{"line":198,"column":0},"end":{"line":198,"column":29}},"107":{"start":{"line":200,"column":0},"end":{"line":204,"column":3}},"108":{"start":{"line":201,"column":2},"end":{"line":201,"column":49}},"109":{"start":{"line":202,"column":17},"end":{"line":202,"column":71}},"110":{"start":{"line":203,"column":2},"end":{"line":203,"column":50}},"111":{"start":{"line":206,"column":0},"end":{"line":227,"column":1}},"112":{"start":{"line":207,"column":2},"end":{"line":226,"column":5}},"113":{"start":{"line":208,"column":4},"end":{"line":208,"column":48}},"114":{"start":{"line":209,"column":4},"end":{"line":209,"column":31}},"115":{"start":{"line":209,"column":35},"end":{"line":209,"column":61}},"116":{"start":{"line":210,"column":4},"end":{"line":210,"column":32}},"117":{"start":{"line":210,"column":35},"end":{"line":210,"column":62}},"118":{"start":{"line":211,"column":4},"end":{"line":211,"column":33}},"119":{"start":{"line":211,"column":35},"end":{"line":211,"column":63}},"120":{"start":{"line":212,"column":4},"end":{"line":212,"column":34}},"121":{"start":{"line":212,"column":35},"end":{"line":212,"column":64}},"122":{"start":{"line":213,"column":4},"end":{"line":213,"column":41}},"123":{"start":{"line":215,"column":4},"end":{"line":215,"column":42}},"124":{"start":{"line":216,"column":4},"end":{"line":216,"column":21}},"125":{"start":{"line":217,"column":4},"end":{"line":217,"column":39}},"126":{"start":{"line":219,"column":19},"end":{"line":219,"column":90}},"127":{"start":{"line":219,"column":42},"end":{"line":219,"column":89}},"128":{"start":{"line":220,"column":21},"end":{"line":220,"column":62}},"129":{"start":{"line":220,"column":27},"end":{"line":220,"column":62}},"130":{"start":{"line":220,"column":46},"end":{"line":220,"column":61}},"131":{"start":{"line":221,"column":4},"end":{"line":221,"column":36}},"132":{"start":{"line":222,"column":4},"end":{"line":222,"column":35}},"133":{"start":{"line":224,"column":4},"end":{"line":224,"column":52}},"134":{"start":{"line":225,"column":4},"end":{"line":225,"column":20}}},"fnMap":{"0":{"name":"(anonymous_0)","decl":{"start":{"line":65,"column":15},"end":{"line":65,"column":16}},"loc":{"start":{"line":65,"column":27},"end":{"line":69,"column":1}},"line":65},"1":{"name":"(anonymous_1)","decl":{"start":{"line":74,"column":13},"end":{"line":74,"column":14}},"loc":{"start":{"line":74,"column":40},"end":{"line":81,"column":3}},"line":74},"2":{"name":"(anonymous_2)","decl":{"start":{"line":91,"column":67},"end":{"line":91,"column":68}},"loc":{"start":{"line":91,"column":74},"end":{"line":91,"column":105}},"line":91},"3":{"name":"(anonymous_3)","decl":{"start":{"line":102,"column":10},"end":{"line":102,"column":11}},"loc":{"start":{"line":102,"column":30},"end":{"line":113,"column":3}},"line":102},"4":{"name":"(anonymous_4)","decl":{"start":{"line":122,"column":8},"end":{"line":122,"column":9}},"loc":{"start":{"line":122,"column":28},"end":{"line":126,"column":1}},"line":122},"5":{"name":"(anonymous_5)","decl":{"start":{"line":124,"column":19},"end":{"line":124,"column":20}},"loc":{"start":{"line":124,"column":25},"end":{"line":124,"column":110}},"line":124},"6":{"name":"(anonymous_6)","decl":{"start":{"line":128,"column":13},"end":{"line":128,"column":14}},"loc":{"start":{"line":128,"column":28},"end":{"line":128,"column":53}},"line":128},"7":{"name":"(anonymous_7)","decl":{"start":{"line":129,"column":33},"end":{"line":129,"column":34}},"loc":{"start":{"line":129,"column":48},"end":{"line":129,"column":62}},"line":129},"8":{"name":"(anonymous_8)","decl":{"start":{"line":130,"column":20},"end":{"line":130,"column":21}},"loc":{"start":{"line":130,"column":41},"end":{"line":133,"column":1}},"line":130},"9":{"name":"getWebhookToken","decl":{"start":{"line":138,"column":9},"end":{"line":138,"column":24}},"loc":{"start":{"line":138,"column":30},"end":{"line":143,"column":1}},"line":138},"10":{"name":"(anonymous_10)","decl":{"start":{"line":145,"column":28},"end":{"line":145,"column":29}},"loc":{"start":{"line":145,"column":54},"end":{"line":161,"column":1}},"line":145},"11":{"name":"(anonymous_11)","decl":{"start":{"line":163,"column":31},"end":{"line":163,"column":32}},"loc":{"start":{"line":163,"column":57},"end":{"line":179,"column":1}},"line":163},"12":{"name":"(anonymous_12)","decl":{"start":{"line":200,"column":8},"end":{"line":200,"column":9}},"loc":{"start":{"line":200,"column":35},"end":{"line":204,"column":1}},"line":200},"13":{"name":"(anonymous_13)","decl":{"start":{"line":207,"column":3},"end":{"line":207,"column":4}},"loc":{"start":{"line":207,"column":15},"end":{"line":223,"column":3}},"line":207},"14":{"name":"(anonymous_14)","decl":{"start":{"line":219,"column":36},"end":{"line":219,"column":37}},"loc":{"start":{"line":219,"column":42},"end":{"line":219,"column":89}},"line":219},"15":{"name":"(anonymous_15)","decl":{"start":{"line":220,"column":21},"end":{"line":220,"column":22}},"loc":{"start":{"line":220,"column":27},"end":{"line":220,"column":62}},"line":220},"16":{"name":"(anonymous_16)","decl":{"start":{"line":220,"column":40},"end":{"line":220,"column":41}},"loc":{"start":{"line":220,"column":46},"end":{"line":220,"column":61}},"line":220},"17":{"name":"(anonymous_17)","decl":{"start":{"line":223,"column":13},"end":{"line":223,"column":14}},"loc":{"start":{"line":223,"column":19},"end":{"line":226,"column":3}},"line":223}},"branchMap":{"0":{"loc":{"start":{"line":14,"column":16},"end":{"line":14,"column":35}},"type":"binary-expr","locations":[{"start":{"line":14,"column":16},"end":{"line":14,"column":29}},{"start":{"line":14,"column":33},"end":{"line":14,"column":35}}],"line":14},"1":{"loc":{"start":{"line":53,"column":13},"end":{"line":53,"column":63}},"type":"cond-expr","locations":[{"start":{"line":53,"column":32},"end":{"line":53,"column":56}},{"start":{"line":53,"column":59},"end":{"line":53,"column":63}}],"line":53},"2":{"loc":{"start":{"line":54,"column":0},"end":{"line":57,"column":1}},"type":"if","locations":[{"start":{"line":54,"column":0},"end":{"line":57,"column":1}},{"start":{},"end":{}}],"line":54},"3":{"loc":{"start":{"line":54,"column":4},"end":{"line":54,"column":62}},"type":"binary-expr","locations":[{"start":{"line":54,"column":4},"end":{"line":54,"column":41}},{"start":{"line":54,"column":45},"end":{"line":54,"column":62}}],"line":54},"4":{"loc":{"start":{"line":58,"column":0},"end":{"line":61,"column":1}},"type":"if","locations":[{"start":{"line":58,"column":0},"end":{"line":61,"column":1}},{"start":{},"end":{}}],"line":58},"5":{"loc":{"start":{"line":63,"column":21},"end":{"line":63,"column":52}},"type":"binary-expr","locations":[{"start":{"line":63,"column":21},"end":{"line":63,"column":45}},{"start":{"line":63,"column":49},"end":{"line":63,"column":52}}],"line":63},"6":{"loc":{"start":{"line":66,"column":2},"end":{"line":68,"column":3}},"type":"if","locations":[{"start":{"line":66,"column":2},"end":{"line":68,"column":3}},{"start":{},"end":{}}],"line":66},"7":{"loc":{"start":{"line":71,"column":0},"end":{"line":82,"column":1}},"type":"if","locations":[{"start":{"line":71,"column":0},"end":{"line":82,"column":1}},{"start":{},"end":{}}],"line":71},"8":{"loc":{"start":{"line":71,"column":4},"end":{"line":71,"column":96}},"type":"binary-expr","locations":[{"start":{"line":71,"column":4},"end":{"line":71,"column":26}},{"start":{"line":71,"column":30},"end":{"line":71,"column":61}},{"start":{"line":71,"column":65},"end":{"line":71,"column":96}}],"line":71},"9":{"loc":{"start":{"line":99,"column":0},"end":{"line":114,"column":1}},"type":"if","locations":[{"start":{"line":99,"column":0},"end":{"line":114,"column":1}},{"start":{"line":101,"column":7},"end":{"line":114,"column":1}}],"line":99},"10":{"loc":{"start":{"line":103,"column":4},"end":{"line":105,"column":5}},"type":"if","locations":[{"start":{"line":103,"column":4},"end":{"line":105,"column":5}},{"start":{},"end":{}}],"line":103},"11":{"loc":{"start":{"line":106,"column":22},"end":{"line":106,"column":78}},"type":"binary-expr","locations":[{"start":{"line":106,"column":22},"end":{"line":106,"column":43}},{"start":{"line":106,"column":47},"end":{"line":106,"column":78}}],"line":106},"12":{"loc":{"start":{"line":108,"column":4},"end":{"line":111,"column":5}},"type":"if","locations":[{"start":{"line":108,"column":4},"end":{"line":111,"column":5}},{"start":{},"end":{}}],"line":108},"13":{"loc":{"start":{"line":108,"column":8},"end":{"line":108,"column":42}},"type":"binary-expr","locations":[{"start":{"line":108,"column":8},"end":{"line":108,"column":17}},{"start":{"line":108,"column":22},"end":{"line":108,"column":26}},{"start":{"line":108,"column":30},"end":{"line":108,"column":41}}],"line":108},"14":{"loc":{"start":{"line":124,"column":58},"end":{"line":124,"column":85}},"type":"binary-expr","locations":[{"start":{"line":124,"column":58},"end":{"line":124,"column":73}},{"start":{"line":124,"column":77},"end":{"line":124,"column":85}}],"line":124},"15":{"loc":{"start":{"line":139,"column":2},"end":{"line":139,"column":46}},"type":"if","locations":[{"start":{"line":139,"column":2},"end":{"line":139,"column":46}},{"start":{},"end":{}}],"line":139},"16":{"loc":{"start":{"line":141,"column":2},"end":{"line":141,"column":63}},"type":"if","locations":[{"start":{"line":141,"column":2},"end":{"line":141,"column":63}},{"start":{},"end":{}}],"line":141},"17":{"loc":{"start":{"line":146,"column":2},"end":{"line":147,"column":61}},"type":"if","locations":[{"start":{"line":146,"column":2},"end":{"line":147,"column":61}},{"start":{},"end":{}}],"line":146},"18":{"loc":{"start":{"line":148,"column":2},"end":{"line":151,"column":3}},"type":"if","locations":[{"start":{"line":148,"column":2},"end":{"line":151,"column":3}},{"start":{},"end":{}}],"line":148},"19":{"loc":{"start":{"line":148,"column":6},"end":{"line":148,"column":48}},"type":"binary-expr","locations":[{"start":{"line":148,"column":6},"end":{"line":148,"column":15}},{"start":{"line":148,"column":19},"end":{"line":148,"column":48}}],"line":148},"20":{"loc":{"start":{"line":157,"column":4},"end":{"line":158,"column":58}},"type":"if","locations":[{"start":{"line":157,"column":4},"end":{"line":158,"column":58}},{"start":{},"end":{}}],"line":157},"21":{"loc":{"start":{"line":164,"column":2},"end":{"line":165,"column":61}},"type":"if","locations":[{"start":{"line":164,"column":2},"end":{"line":165,"column":61}},{"start":{},"end":{}}],"line":164},"22":{"loc":{"start":{"line":166,"column":2},"end":{"line":169,"column":3}},"type":"if","locations":[{"start":{"line":166,"column":2},"end":{"line":169,"column":3}},{"start":{},"end":{}}],"line":166},"23":{"loc":{"start":{"line":166,"column":6},"end":{"line":166,"column":48}},"type":"binary-expr","locations":[{"start":{"line":166,"column":6},"end":{"line":166,"column":15}},{"start":{"line":166,"column":19},"end":{"line":166,"column":48}}],"line":166},"24":{"loc":{"start":{"line":175,"column":4},"end":{"line":176,"column":58}},"type":"if","locations":[{"start":{"line":175,"column":4},"end":{"line":176,"column":58}},{"start":{},"end":{}}],"line":175},"25":{"loc":{"start":{"line":201,"column":31},"end":{"line":201,"column":47}},"type":"binary-expr","locations":[{"start":{"line":201,"column":31},"end":{"line":201,"column":40}},{"start":{"line":201,"column":44},"end":{"line":201,"column":47}}],"line":201},"26":{"loc":{"start":{"line":202,"column":17},"end":{"line":202,"column":71}},"type":"binary-expr","locations":[{"start":{"line":202,"column":17},"end":{"line":202,"column":27}},{"start":{"line":202,"column":32},"end":{"line":202,"column":70}}],"line":202},"27":{"loc":{"start":{"line":202,"column":32},"end":{"line":202,"column":70}},"type":"cond-expr","locations":[{"start":{"line":202,"column":61},"end":{"line":202,"column":64}},{"start":{"line":202,"column":67},"end":{"line":202,"column":70}}],"line":202},"28":{"loc":{"start":{"line":206,"column":0},"end":{"line":227,"column":1}},"type":"if","locations":[{"start":{"line":206,"column":0},"end":{"line":227,"column":1}},{"start":{},"end":{}}],"line":206},"29":{"loc":{"start":{"line":224,"column":36},"end":{"line":224,"column":50}},"type":"binary-expr","locations":[{"start":{"line":224,"column":36},"end":{"line":224,"column":44}},{"start":{"line":224,"column":48},"end":{"line":224,"column":50}}],"line":224}},"s":{"0":8,"1":8,"2":8,"3":8,"4":8,"5":8,"6":0,"7":0,"8":8,"9":0,"10":0,"11":8,"12":8,"13":8,"14":0,"15":0,"16":8,"17":0,"18":0,"19":0,"20":0,"21":0,"22":8,"23":8,"24":8,"25":26,"26":8,"27":8,"28":8,"29":8,"30":8,"31":8,"32":8,"33":0,"34":0,"35":0,"36":0,"37":0,"38":0,"39":0,"40":0,"41":0,"42":8,"43":8,"44":8,"45":26,"46":26,"47":26,"48":26,"49":8,"50":4,"51":8,"52":4,"53":8,"54":0,"55":0,"56":8,"57":8,"58":17,"59":11,"60":6,"61":6,"62":0,"63":6,"64":8,"65":9,"66":4,"67":5,"68":0,"69":0,"70":5,"71":5,"72":3,"73":3,"74":2,"75":2,"76":0,"77":8,"78":8,"79":3,"80":5,"81":0,"82":0,"83":5,"84":5,"85":3,"86":3,"87":2,"88":2,"89":0,"90":8,"91":8,"92":8,"93":8,"94":8,"95":8,"96":8,"97":8,"98":8,"99":8,"100":8,"101":8,"102":8,"103":8,"104":8,"105":8,"106":8,"107":8,"108":0,"109":0,"110":0,"111":8,"112":0,"113":0,"114":0,"115":0,"116":0,"117":0,"118":0,"119":0,"120":0,"121":0,"122":0,"123":0,"124":0,"125":0,"126":0,"127":0,"128":0,"129":0,"130":0,"131":0,"132":0,"133":0,"134":0},"f":{"0":0,"1":0,"2":26,"3":0,"4":26,"5":26,"6":4,"7":4,"8":0,"9":17,"10":9,"11":8,"12":0,"13":0,"14":0,"15":0,"16":0,"17":0},"b":{"0":[8,8],"1":[8,0],"2":[0,8],"3":[8,0],"4":[0,8],"5":[8,0],"6":[0,0],"7":[0,8],"8":[8,0,0],"9":[8,0],"10":[0,0],"11":[0,0],"12":[0,0],"13":[0,0,0],"14":[26,0],"15":[11,6],"16":[0,6],"17":[4,5],"18":[0,5],"19":[5,5],"20":[2,0],"21":[3,5],"22":[0,5],"23":[5,5],"24":[2,0],"25":[0,0],"26":[0,0],"27":[0,0],"28":[0,8],"29":[0,0]},"_coverageSchema":"1a1c01bbd47fc00a2c39e90264f33305004495a9","hash":"a82ee9a523d03343b0b301bebf647fba6541ab1e"}
,"C:\\coinbitclub-market-bot\\src\\parseDominance.js": {"path":"C:\\coinbitclub-market-bot\\src\\parseDominance.js","statementMap":{"0":{"start":{"line":2,"column":2},"end":{"line":6,"column":4}}},"fnMap":{"0":{"name":"parseDominance","decl":{"start":{"line":1,"column":16},"end":{"line":1,"column":30}},"loc":{"start":{"line":1,"column":37},"end":{"line":7,"column":1}},"line":1}},"branchMap":{},"s":{"0":0},"f":{"0":0},"b":{},"_coverageSchema":"1a1c01bbd47fc00a2c39e90264f33305004495a9","hash":"07539123b32fbe066472d1663fbc21197d2394e1"}
,"C:\\coinbitclub-market-bot\\src\\parseFearGreed.js": {"path":"C:\\coinbitclub-market-bot\\src\\parseFearGreed.js","statementMap":{"0":{"start":{"line":6,"column":55},"end":{"line":6,"column":59}},"1":{"start":{"line":7,"column":2},"end":{"line":9,"column":3}},"2":{"start":{"line":8,"column":4},"end":{"line":8,"column":80}},"3":{"start":{"line":10,"column":2},"end":{"line":14,"column":4}}},"fnMap":{"0":{"name":"parseFearGreed","decl":{"start":{"line":5,"column":16},"end":{"line":5,"column":30}},"loc":{"start":{"line":5,"column":37},"end":{"line":15,"column":1}},"line":5}},"branchMap":{"0":{"loc":{"start":{"line":7,"column":2},"end":{"line":9,"column":3}},"type":"if","locations":[{"start":{"line":7,"column":2},"end":{"line":9,"column":3}},{"start":{},"end":{}}],"line":7},"1":{"loc":{"start":{"line":7,"column":6},"end":{"line":7,"column":67}},"type":"binary-expr","locations":[{"start":{"line":7,"column":6},"end":{"line":7,"column":19}},{"start":{"line":7,"column":23},"end":{"line":7,"column":42}},{"start":{"line":7,"column":46},"end":{"line":7,"column":67}}],"line":7}},"s":{"0":0,"1":0,"2":0,"3":0},"f":{"0":0},"b":{"0":[0,0],"1":[0,0,0]},"_coverageSchema":"1a1c01bbd47fc00a2c39e90264f33305004495a9","hash":"44302507dc13ca4892d73642e7a415882724ef35"}
,"C:\\coinbitclub-market-bot\\src\\parseMarket.js": {"path":"C:\\coinbitclub-market-bot\\src\\parseMarket.js","statementMap":{"0":{"start":{"line":6,"column":39},"end":{"line":6,"column":43}},"1":{"start":{"line":7,"column":2},"end":{"line":9,"column":3}},"2":{"start":{"line":8,"column":4},"end":{"line":8,"column":64}},"3":{"start":{"line":10,"column":2},"end":{"line":14,"column":4}}},"fnMap":{"0":{"name":"parseMarket","decl":{"start":{"line":5,"column":16},"end":{"line":5,"column":27}},"loc":{"start":{"line":5,"column":34},"end":{"line":15,"column":1}},"line":5}},"branchMap":{"0":{"loc":{"start":{"line":7,"column":2},"end":{"line":9,"column":3}},"type":"if","locations":[{"start":{"line":7,"column":2},"end":{"line":9,"column":3}},{"start":{},"end":{}}],"line":7},"1":{"loc":{"start":{"line":7,"column":6},"end":{"line":7,"column":44}},"type":"binary-expr","locations":[{"start":{"line":7,"column":6},"end":{"line":7,"column":13}},{"start":{"line":7,"column":17},"end":{"line":7,"column":30}},{"start":{"line":7,"column":34},"end":{"line":7,"column":44}}],"line":7}},"s":{"0":0,"1":0,"2":0,"3":0},"f":{"0":0},"b":{"0":[0,0],"1":[0,0,0]},"_coverageSchema":"1a1c01bbd47fc00a2c39e90264f33305004495a9","hash":"b601f6e9c277ba35331b2d88533f36c66ac6fc0e"}
,"C:\\coinbitclub-market-bot\\src\\controllers\\planController.js": {"path":"C:\\coinbitclub-market-bot\\src\\controllers\\planController.js","statementMap":{"0":{"start":{"line":4,"column":16},"end":{"line":4,"column":33}},"1":{"start":{"line":5,"column":2},"end":{"line":5,"column":18}},"2":{"start":{"line":9,"column":15},"end":{"line":9,"column":41}},"3":{"start":{"line":10,"column":2},"end":{"line":10,"column":29}},"4":{"start":{"line":14,"column":2},"end":{"line":14,"column":34}},"5":{"start":{"line":15,"column":2},"end":{"line":15,"column":22}}},"fnMap":{"0":{"name":"getPlans","decl":{"start":{"line":3,"column":22},"end":{"line":3,"column":30}},"loc":{"start":{"line":3,"column":41},"end":{"line":6,"column":1}},"line":3},"1":{"name":"addPlan","decl":{"start":{"line":8,"column":22},"end":{"line":8,"column":29}},"loc":{"start":{"line":8,"column":40},"end":{"line":11,"column":1}},"line":8},"2":{"name":"removePlan","decl":{"start":{"line":13,"column":22},"end":{"line":13,"column":32}},"loc":{"start":{"line":13,"column":43},"end":{"line":16,"column":1}},"line":13}},"branchMap":{},"s":{"0":0,"1":0,"2":0,"3":0,"4":0,"5":0},"f":{"0":0,"1":0,"2":0},"b":{},"_coverageSchema":"1a1c01bbd47fc00a2c39e90264f33305004495a9","hash":"70c1c1dc2889c1f30354f72608435b3e581010bf"}
,"C:\\coinbitclub-market-bot\\src\\controllers\\subscriptionController.js": {"path":"C:\\coinbitclub-market-bot\\src\\controllers\\subscriptionController.js","statementMap":{"0":{"start":{"line":4,"column":2},"end":{"line":14,"column":3}},"1":{"start":{"line":5,"column":45},"end":{"line":5,"column":53}},"2":{"start":{"line":6,"column":19},"end":{"line":9,"column":5}},"3":{"start":{"line":10,"column":4},"end":{"line":10,"column":41}},"4":{"start":{"line":12,"column":4},"end":{"line":12,"column":52}},"5":{"start":{"line":13,"column":4},"end":{"line":13,"column":64}}},"fnMap":{"0":{"name":"createSubscription","decl":{"start":{"line":3,"column":22},"end":{"line":3,"column":40}},"loc":{"start":{"line":3,"column":51},"end":{"line":15,"column":1}},"line":3}},"branchMap":{},"s":{"0":0,"1":0,"2":0,"3":0,"4":0,"5":0},"f":{"0":0},"b":{},"_coverageSchema":"1a1c01bbd47fc00a2c39e90264f33305004495a9","hash":"78ef77788ec4a360c1e86d3a30bd5d40428cdabd"}
,"C:\\coinbitclub-market-bot\\src\\middleware\\auth.js": {"path":"C:\\coinbitclub-market-bot\\src\\middleware\\auth.js","statementMap":{"0":{"start":{"line":5,"column":38},"end":{"line":5,"column":49}},"1":{"start":{"line":7,"column":0},"end":{"line":10,"column":1}},"2":{"start":{"line":8,"column":2},"end":{"line":8,"column":61}},"3":{"start":{"line":9,"column":2},"end":{"line":9,"column":18}},"4":{"start":{"line":16,"column":15},"end":{"line":16,"column":46}},"5":{"start":{"line":17,"column":16},"end":{"line":17,"column":47}},"6":{"start":{"line":20,"column":2},"end":{"line":28,"column":3}},"7":{"start":{"line":21,"column":4},"end":{"line":27,"column":5}},"8":{"start":{"line":22,"column":22},"end":{"line":22,"column":51}},"9":{"start":{"line":23,"column":6},"end":{"line":23,"column":25}},"10":{"start":{"line":24,"column":6},"end":{"line":24,"column":20}},"11":{"start":{"line":26,"column":6},"end":{"line":26,"column":75}},"12":{"start":{"line":31,"column":2},"end":{"line":33,"column":3}},"13":{"start":{"line":32,"column":4},"end":{"line":32,"column":18}},"14":{"start":{"line":36,"column":2},"end":{"line":36,"column":57}},"15":{"start":{"line":43,"column":21},"end":{"line":43,"column":46}},"16":{"start":{"line":44,"column":2},"end":{"line":46,"column":3}},"17":{"start":{"line":45,"column":4},"end":{"line":45,"column":62}},"18":{"start":{"line":48,"column":16},"end":{"line":48,"column":42}},"19":{"start":{"line":49,"column":2},"end":{"line":55,"column":3}},"20":{"start":{"line":50,"column":20},"end":{"line":50,"column":49}},"21":{"start":{"line":51,"column":4},"end":{"line":51,"column":23}},"22":{"start":{"line":52,"column":4},"end":{"line":52,"column":18}},"23":{"start":{"line":54,"column":4},"end":{"line":54,"column":59}},"24":{"start":{"line":62,"column":21},"end":{"line":62,"column":46}},"25":{"start":{"line":63,"column":2},"end":{"line":65,"column":3}},"26":{"start":{"line":64,"column":4},"end":{"line":64,"column":62}},"27":{"start":{"line":67,"column":16},"end":{"line":67,"column":42}},"28":{"start":{"line":69,"column":2},"end":{"line":73,"column":3}},"29":{"start":{"line":70,"column":4},"end":{"line":70,"column":44}},"30":{"start":{"line":72,"column":4},"end":{"line":72,"column":59}},"31":{"start":{"line":76,"column":21},"end":{"line":76,"column":28}},"32":{"start":{"line":77,"column":21},"end":{"line":77,"column":57}},"33":{"start":{"line":78,"column":2},"end":{"line":81,"column":3}},"34":{"start":{"line":79,"column":4},"end":{"line":79,"column":24}},"35":{"start":{"line":80,"column":4},"end":{"line":80,"column":18}},"36":{"start":{"line":84,"column":2},"end":{"line":94,"column":3}},"37":{"start":{"line":85,"column":21},"end":{"line":85,"column":91}},"38":{"start":{"line":86,"column":4},"end":{"line":88,"column":5}},"39":{"start":{"line":87,"column":6},"end":{"line":87,"column":73}},"40":{"start":{"line":89,"column":4},"end":{"line":89,"column":24}},"41":{"start":{"line":90,"column":4},"end":{"line":90,"column":18}},"42":{"start":{"line":92,"column":4},"end":{"line":92,"column":45}},"43":{"start":{"line":93,"column":4},"end":{"line":93,"column":59}},"44":{"start":{"line":97,"column":28},"end":{"line":97,"column":34}}},"fnMap":{"0":{"name":"jwtMiddleware","decl":{"start":{"line":15,"column":16},"end":{"line":15,"column":29}},"loc":{"start":{"line":15,"column":46},"end":{"line":37,"column":1}},"line":15},"1":{"name":"isUser","decl":{"start":{"line":42,"column":16},"end":{"line":42,"column":22}},"loc":{"start":{"line":42,"column":39},"end":{"line":56,"column":1}},"line":42},"2":{"name":"isAdmin","decl":{"start":{"line":61,"column":22},"end":{"line":61,"column":29}},"loc":{"start":{"line":61,"column":46},"end":{"line":95,"column":1}},"line":61}},"branchMap":{"0":{"loc":{"start":{"line":7,"column":0},"end":{"line":10,"column":1}},"type":"if","locations":[{"start":{"line":7,"column":0},"end":{"line":10,"column":1}},{"start":{},"end":{}}],"line":7},"1":{"loc":{"start":{"line":16,"column":15},"end":{"line":16,"column":46}},"type":"binary-expr","locations":[{"start":{"line":16,"column":15},"end":{"line":16,"column":40}},{"start":{"line":16,"column":44},"end":{"line":16,"column":46}}],"line":16},"2":{"loc":{"start":{"line":20,"column":2},"end":{"line":28,"column":3}},"type":"if","locations":[{"start":{"line":20,"column":2},"end":{"line":28,"column":3}},{"start":{},"end":{}}],"line":20},"3":{"loc":{"start":{"line":31,"column":2},"end":{"line":33,"column":3}},"type":"if","locations":[{"start":{"line":31,"column":2},"end":{"line":33,"column":3}},{"start":{},"end":{}}],"line":31},"4":{"loc":{"start":{"line":31,"column":6},"end":{"line":31,"column":58}},"type":"binary-expr","locations":[{"start":{"line":31,"column":6},"end":{"line":31,"column":21}},{"start":{"line":31,"column":25},"end":{"line":31,"column":58}}],"line":31},"5":{"loc":{"start":{"line":44,"column":2},"end":{"line":46,"column":3}},"type":"if","locations":[{"start":{"line":44,"column":2},"end":{"line":46,"column":3}},{"start":{},"end":{}}],"line":44},"6":{"loc":{"start":{"line":63,"column":2},"end":{"line":65,"column":3}},"type":"if","locations":[{"start":{"line":63,"column":2},"end":{"line":65,"column":3}},{"start":{},"end":{}}],"line":63},"7":{"loc":{"start":{"line":78,"column":2},"end":{"line":81,"column":3}},"type":"if","locations":[{"start":{"line":78,"column":2},"end":{"line":81,"column":3}},{"start":{},"end":{}}],"line":78},"8":{"loc":{"start":{"line":78,"column":6},"end":{"line":78,"column":75}},"type":"binary-expr","locations":[{"start":{"line":78,"column":6},"end":{"line":78,"column":37}},{"start":{"line":78,"column":41},"end":{"line":78,"column":75}}],"line":78},"9":{"loc":{"start":{"line":86,"column":4},"end":{"line":88,"column":5}},"type":"if","locations":[{"start":{"line":86,"column":4},"end":{"line":88,"column":5}},{"start":{},"end":{}}],"line":86}},"s":{"0":8,"1":8,"2":0,"3":0,"4":0,"5":0,"6":0,"7":0,"8":0,"9":0,"10":0,"11":0,"12":0,"13":0,"14":0,"15":0,"16":0,"17":0,"18":0,"19":0,"20":0,"21":0,"22":0,"23":0,"24":0,"25":0,"26":0,"27":0,"28":0,"29":0,"30":0,"31":0,"32":0,"33":0,"34":0,"35":0,"36":0,"37":0,"38":0,"39":0,"40":0,"41":0,"42":0,"43":0,"44":8},"f":{"0":0,"1":0,"2":0},"b":{"0":[0,8],"1":[0,0],"2":[0,0],"3":[0,0],"4":[0,0],"5":[0,0],"6":[0,0],"7":[0,0],"8":[0,0],"9":[0,0]},"_coverageSchema":"1a1c01bbd47fc00a2c39e90264f33305004495a9","hash":"c7c380796e3dcd4a008d6b5a5fe53501e2224f66"}
,"C:\\coinbitclub-market-bot\\src\\middleware\\validatePayload.js": {"path":"C:\\coinbitclub-market-bot\\src\\middleware\\validatePayload.js","statementMap":{"0":{"start":{"line":4,"column":24},"end":{"line":10,"column":1}},"1":{"start":{"line":4,"column":34},"end":{"line":10,"column":1}},"2":{"start":{"line":5,"column":20},"end":{"line":5,"column":45}},"3":{"start":{"line":6,"column":2},"end":{"line":8,"column":3}},"4":{"start":{"line":7,"column":4},"end":{"line":7,"column":71}},"5":{"start":{"line":9,"column":2},"end":{"line":9,"column":9}}},"fnMap":{"0":{"name":"(anonymous_0)","decl":{"start":{"line":4,"column":24},"end":{"line":4,"column":25}},"loc":{"start":{"line":4,"column":34},"end":{"line":10,"column":1}},"line":4},"1":{"name":"(anonymous_1)","decl":{"start":{"line":4,"column":34},"end":{"line":4,"column":35}},"loc":{"start":{"line":4,"column":54},"end":{"line":10,"column":1}},"line":4}},"branchMap":{"0":{"loc":{"start":{"line":6,"column":2},"end":{"line":8,"column":3}},"type":"if","locations":[{"start":{"line":6,"column":2},"end":{"line":8,"column":3}},{"start":{},"end":{}}],"line":6}},"s":{"0":8,"1":96,"2":1,"3":1,"4":1,"5":0},"f":{"0":96,"1":1},"b":{"0":[1,0]},"_coverageSchema":"1a1c01bbd47fc00a2c39e90264f33305004495a9","hash":"e64cafe7ed57ea91609f14253384caa4615d2309"}
,"C:\\coinbitclub-market-bot\\src\\routes\\admin.js": {"path":"C:\\coinbitclub-market-bot\\src\\routes\\admin.js","statementMap":{"0":{"start":{"line":4,"column":15},"end":{"line":4,"column":31}},"1":{"start":{"line":7,"column":0},"end":{"line":14,"column":3}},"2":{"start":{"line":8,"column":2},"end":{"line":13,"column":30}},"3":{"start":{"line":9,"column":22},"end":{"line":9,"column":30}},"4":{"start":{"line":10,"column":4},"end":{"line":10,"column":78}},"5":{"start":{"line":10,"column":16},"end":{"line":10,"column":78}},"6":{"start":{"line":11,"column":19},"end":{"line":11,"column":55}},"7":{"start":{"line":12,"column":4},"end":{"line":12,"column":21}},"8":{"start":{"line":13,"column":18},"end":{"line":13,"column":28}},"9":{"start":{"line":17,"column":0},"end":{"line":22,"column":3}},"10":{"start":{"line":18,"column":2},"end":{"line":21,"column":30}},"11":{"start":{"line":19,"column":17},"end":{"line":19,"column":45}},"12":{"start":{"line":20,"column":4},"end":{"line":20,"column":19}},"13":{"start":{"line":21,"column":18},"end":{"line":21,"column":28}},"14":{"start":{"line":25,"column":0},"end":{"line":30,"column":3}},"15":{"start":{"line":26,"column":2},"end":{"line":29,"column":30}},"16":{"start":{"line":27,"column":18},"end":{"line":27,"column":47}},"17":{"start":{"line":28,"column":4},"end":{"line":28,"column":20}},"18":{"start":{"line":29,"column":18},"end":{"line":29,"column":28}},"19":{"start":{"line":33,"column":0},"end":{"line":40,"column":3}},"20":{"start":{"line":34,"column":2},"end":{"line":39,"column":30}},"21":{"start":{"line":35,"column":23},"end":{"line":35,"column":31}},"22":{"start":{"line":36,"column":4},"end":{"line":36,"column":79}},"23":{"start":{"line":36,"column":17},"end":{"line":36,"column":79}},"24":{"start":{"line":37,"column":19},"end":{"line":37,"column":63}},"25":{"start":{"line":38,"column":4},"end":{"line":38,"column":21}},"26":{"start":{"line":39,"column":18},"end":{"line":39,"column":28}},"27":{"start":{"line":43,"column":0},"end":{"line":48,"column":3}},"28":{"start":{"line":44,"column":2},"end":{"line":47,"column":30}},"29":{"start":{"line":45,"column":19},"end":{"line":45,"column":63}},"30":{"start":{"line":46,"column":4},"end":{"line":46,"column":21}},"31":{"start":{"line":47,"column":18},"end":{"line":47,"column":28}},"32":{"start":{"line":51,"column":0},"end":{"line":56,"column":3}},"33":{"start":{"line":52,"column":2},"end":{"line":55,"column":30}},"34":{"start":{"line":53,"column":17},"end":{"line":53,"column":54}},"35":{"start":{"line":54,"column":4},"end":{"line":54,"column":19}},"36":{"start":{"line":55,"column":18},"end":{"line":55,"column":28}},"37":{"start":{"line":59,"column":0},"end":{"line":64,"column":3}},"38":{"start":{"line":60,"column":2},"end":{"line":63,"column":30}},"39":{"start":{"line":61,"column":17},"end":{"line":61,"column":45}},"40":{"start":{"line":62,"column":4},"end":{"line":62,"column":19}},"41":{"start":{"line":63,"column":18},"end":{"line":63,"column":28}},"42":{"start":{"line":67,"column":0},"end":{"line":72,"column":3}},"43":{"start":{"line":68,"column":2},"end":{"line":71,"column":30}},"44":{"start":{"line":69,"column":16},"end":{"line":69,"column":68}},"45":{"start":{"line":70,"column":4},"end":{"line":70,"column":18}},"46":{"start":{"line":71,"column":18},"end":{"line":71,"column":28}},"47":{"start":{"line":75,"column":0},"end":{"line":81,"column":3}},"48":{"start":{"line":76,"column":2},"end":{"line":80,"column":30}},"49":{"start":{"line":77,"column":23},"end":{"line":77,"column":31}},"50":{"start":{"line":78,"column":4},"end":{"line":78,"column":72}},"51":{"start":{"line":79,"column":4},"end":{"line":79,"column":52}},"52":{"start":{"line":80,"column":18},"end":{"line":80,"column":28}},"53":{"start":{"line":84,"column":0},"end":{"line":90,"column":3}},"54":{"start":{"line":85,"column":2},"end":{"line":89,"column":30}},"55":{"start":{"line":86,"column":23},"end":{"line":86,"column":31}},"56":{"start":{"line":87,"column":4},"end":{"line":87,"column":82}},"57":{"start":{"line":88,"column":4},"end":{"line":88,"column":54}},"58":{"start":{"line":89,"column":18},"end":{"line":89,"column":28}},"59":{"start":{"line":93,"column":0},"end":{"line":99,"column":3}},"60":{"start":{"line":94,"column":2},"end":{"line":98,"column":30}},"61":{"start":{"line":95,"column":23},"end":{"line":95,"column":31}},"62":{"start":{"line":96,"column":24},"end":{"line":96,"column":93}},"63":{"start":{"line":97,"column":4},"end":{"line":97,"column":58}},"64":{"start":{"line":98,"column":18},"end":{"line":98,"column":28}}},"fnMap":{"0":{"name":"(anonymous_0)","decl":{"start":{"line":7,"column":22},"end":{"line":7,"column":23}},"loc":{"start":{"line":7,"column":48},"end":{"line":14,"column":1}},"line":7},"1":{"name":"(anonymous_1)","decl":{"start":{"line":17,"column":48},"end":{"line":17,"column":49}},"loc":{"start":{"line":17,"column":74},"end":{"line":22,"column":1}},"line":17},"2":{"name":"(anonymous_2)","decl":{"start":{"line":25,"column":49},"end":{"line":25,"column":50}},"loc":{"start":{"line":25,"column":75},"end":{"line":30,"column":1}},"line":25},"3":{"name":"(anonymous_3)","decl":{"start":{"line":33,"column":59},"end":{"line":33,"column":60}},"loc":{"start":{"line":33,"column":85},"end":{"line":40,"column":1}},"line":33},"4":{"name":"(anonymous_4)","decl":{"start":{"line":43,"column":55},"end":{"line":43,"column":56}},"loc":{"start":{"line":43,"column":81},"end":{"line":48,"column":1}},"line":43},"5":{"name":"(anonymous_5)","decl":{"start":{"line":51,"column":57},"end":{"line":51,"column":58}},"loc":{"start":{"line":51,"column":83},"end":{"line":56,"column":1}},"line":51},"6":{"name":"(anonymous_6)","decl":{"start":{"line":59,"column":48},"end":{"line":59,"column":49}},"loc":{"start":{"line":59,"column":74},"end":{"line":64,"column":1}},"line":59},"7":{"name":"(anonymous_7)","decl":{"start":{"line":67,"column":59},"end":{"line":67,"column":60}},"loc":{"start":{"line":67,"column":85},"end":{"line":72,"column":1}},"line":67},"8":{"name":"(anonymous_8)","decl":{"start":{"line":75,"column":59},"end":{"line":75,"column":60}},"loc":{"start":{"line":75,"column":85},"end":{"line":81,"column":1}},"line":75},"9":{"name":"(anonymous_9)","decl":{"start":{"line":84,"column":64},"end":{"line":84,"column":65}},"loc":{"start":{"line":84,"column":90},"end":{"line":90,"column":1}},"line":84},"10":{"name":"(anonymous_10)","decl":{"start":{"line":93,"column":61},"end":{"line":93,"column":62}},"loc":{"start":{"line":93,"column":87},"end":{"line":99,"column":1}},"line":93}},"branchMap":{"0":{"loc":{"start":{"line":10,"column":4},"end":{"line":10,"column":78}},"type":"if","locations":[{"start":{"line":10,"column":4},"end":{"line":10,"column":78}},{"start":{},"end":{}}],"line":10},"1":{"loc":{"start":{"line":36,"column":4},"end":{"line":36,"column":79}},"type":"if","locations":[{"start":{"line":36,"column":4},"end":{"line":36,"column":79}},{"start":{},"end":{}}],"line":36},"2":{"loc":{"start":{"line":78,"column":36},"end":{"line":78,"column":70}},"type":"binary-expr","locations":[{"start":{"line":78,"column":36},"end":{"line":78,"column":42}},{"start":{"line":78,"column":46},"end":{"line":78,"column":70}}],"line":78},"3":{"loc":{"start":{"line":87,"column":41},"end":{"line":87,"column":80}},"type":"binary-expr","locations":[{"start":{"line":87,"column":41},"end":{"line":87,"column":47}},{"start":{"line":87,"column":51},"end":{"line":87,"column":80}}],"line":87},"4":{"loc":{"start":{"line":96,"column":62},"end":{"line":96,"column":92}},"type":"binary-expr","locations":[{"start":{"line":96,"column":62},"end":{"line":96,"column":68}},{"start":{"line":96,"column":72},"end":{"line":96,"column":92}}],"line":96}},"s":{"0":8,"1":8,"2":0,"3":0,"4":0,"5":0,"6":0,"7":0,"8":0,"9":8,"10":0,"11":0,"12":0,"13":0,"14":8,"15":0,"16":0,"17":0,"18":0,"19":8,"20":0,"21":0,"22":0,"23":0,"24":0,"25":0,"26":0,"27":8,"28":0,"29":0,"30":0,"31":0,"32":8,"33":0,"34":0,"35":0,"36":0,"37":8,"38":0,"39":0,"40":0,"41":0,"42":8,"43":0,"44":0,"45":0,"46":0,"47":8,"48":0,"49":0,"50":0,"51":0,"52":0,"53":8,"54":0,"55":0,"56":0,"57":0,"58":0,"59":8,"60":0,"61":0,"62":0,"63":0,"64":0},"f":{"0":0,"1":0,"2":0,"3":0,"4":0,"5":0,"6":0,"7":0,"8":0,"9":0,"10":0},"b":{"0":[0,0],"1":[0,0],"2":[0,0],"3":[0,0],"4":[0,0]},"_coverageSchema":"1a1c01bbd47fc00a2c39e90264f33305004495a9","hash":"f84f30b54cf5c4e14862ca6a87744c07a66d6d05"}
,"C:\\coinbitclub-market-bot\\src\\routes\\affiliate.js": {"path":"C:\\coinbitclub-market-bot\\src\\routes\\affiliate.js","statementMap":{"0":{"start":{"line":8,"column":15},"end":{"line":8,"column":31}},"1":{"start":{"line":11,"column":0},"end":{"line":11,"column":19}},"2":{"start":{"line":14,"column":0},"end":{"line":24,"column":2}},"3":{"start":{"line":17,"column":4},"end":{"line":22,"column":5}},"4":{"start":{"line":18,"column":19},"end":{"line":18,"column":78}},"5":{"start":{"line":19,"column":6},"end":{"line":19,"column":21}},"6":{"start":{"line":21,"column":6},"end":{"line":21,"column":16}},"7":{"start":{"line":27,"column":0},"end":{"line":48,"column":2}},"8":{"start":{"line":41,"column":4},"end":{"line":46,"column":5}},"9":{"start":{"line":42,"column":6},"end":{"line":42,"column":79}},"10":{"start":{"line":43,"column":6},"end":{"line":43,"column":29}},"11":{"start":{"line":45,"column":6},"end":{"line":45,"column":16}},"12":{"start":{"line":51,"column":0},"end":{"line":61,"column":2}},"13":{"start":{"line":54,"column":4},"end":{"line":59,"column":5}},"14":{"start":{"line":55,"column":19},"end":{"line":55,"column":78}},"15":{"start":{"line":56,"column":6},"end":{"line":56,"column":21}},"16":{"start":{"line":58,"column":6},"end":{"line":58,"column":16}},"17":{"start":{"line":64,"column":0},"end":{"line":74,"column":2}},"18":{"start":{"line":67,"column":4},"end":{"line":72,"column":5}},"19":{"start":{"line":68,"column":19},"end":{"line":68,"column":82}},"20":{"start":{"line":69,"column":6},"end":{"line":69,"column":21}},"21":{"start":{"line":71,"column":6},"end":{"line":71,"column":16}},"22":{"start":{"line":77,"column":0},"end":{"line":87,"column":2}},"23":{"start":{"line":80,"column":4},"end":{"line":85,"column":5}},"24":{"start":{"line":81,"column":19},"end":{"line":81,"column":74}},"25":{"start":{"line":82,"column":6},"end":{"line":82,"column":25}},"26":{"start":{"line":84,"column":6},"end":{"line":84,"column":16}},"27":{"start":{"line":90,"column":0},"end":{"line":90,"column":20}},"28":{"start":{"line":93,"column":0},"end":{"line":103,"column":2}},"29":{"start":{"line":96,"column":4},"end":{"line":101,"column":5}},"30":{"start":{"line":97,"column":19},"end":{"line":97,"column":58}},"31":{"start":{"line":98,"column":6},"end":{"line":98,"column":21}},"32":{"start":{"line":100,"column":6},"end":{"line":100,"column":16}},"33":{"start":{"line":106,"column":0},"end":{"line":125,"column":2}},"34":{"start":{"line":118,"column":4},"end":{"line":123,"column":5}},"35":{"start":{"line":119,"column":19},"end":{"line":119,"column":67}},"36":{"start":{"line":120,"column":6},"end":{"line":120,"column":33}},"37":{"start":{"line":122,"column":6},"end":{"line":122,"column":16}},"38":{"start":{"line":128,"column":0},"end":{"line":147,"column":2}},"39":{"start":{"line":140,"column":4},"end":{"line":145,"column":5}},"40":{"start":{"line":141,"column":6},"end":{"line":141,"column":78}},"41":{"start":{"line":142,"column":6},"end":{"line":142,"column":29}},"42":{"start":{"line":144,"column":6},"end":{"line":144,"column":16}},"43":{"start":{"line":150,"column":0},"end":{"line":163,"column":2}},"44":{"start":{"line":156,"column":4},"end":{"line":161,"column":5}},"45":{"start":{"line":157,"column":6},"end":{"line":157,"column":68}},"46":{"start":{"line":158,"column":6},"end":{"line":158,"column":29}},"47":{"start":{"line":160,"column":6},"end":{"line":160,"column":16}},"48":{"start":{"line":166,"column":0},"end":{"line":179,"column":2}},"49":{"start":{"line":172,"column":4},"end":{"line":177,"column":5}},"50":{"start":{"line":173,"column":19},"end":{"line":173,"column":89}},"51":{"start":{"line":174,"column":6},"end":{"line":174,"column":21}},"52":{"start":{"line":176,"column":6},"end":{"line":176,"column":16}},"53":{"start":{"line":182,"column":0},"end":{"line":209,"column":2}},"54":{"start":{"line":196,"column":4},"end":{"line":207,"column":5}},"55":{"start":{"line":197,"column":6},"end":{"line":203,"column":9}},"56":{"start":{"line":204,"column":6},"end":{"line":204,"column":29}},"57":{"start":{"line":206,"column":6},"end":{"line":206,"column":16}}},"fnMap":{"0":{"name":"(anonymous_0)","decl":{"start":{"line":16,"column":2},"end":{"line":16,"column":3}},"loc":{"start":{"line":16,"column":28},"end":{"line":23,"column":3}},"line":16},"1":{"name":"(anonymous_1)","decl":{"start":{"line":40,"column":2},"end":{"line":40,"column":3}},"loc":{"start":{"line":40,"column":28},"end":{"line":47,"column":3}},"line":40},"2":{"name":"(anonymous_2)","decl":{"start":{"line":53,"column":2},"end":{"line":53,"column":3}},"loc":{"start":{"line":53,"column":28},"end":{"line":60,"column":3}},"line":53},"3":{"name":"(anonymous_3)","decl":{"start":{"line":66,"column":2},"end":{"line":66,"column":3}},"loc":{"start":{"line":66,"column":28},"end":{"line":73,"column":3}},"line":66},"4":{"name":"(anonymous_4)","decl":{"start":{"line":79,"column":2},"end":{"line":79,"column":3}},"loc":{"start":{"line":79,"column":28},"end":{"line":86,"column":3}},"line":79},"5":{"name":"(anonymous_5)","decl":{"start":{"line":95,"column":2},"end":{"line":95,"column":3}},"loc":{"start":{"line":95,"column":29},"end":{"line":102,"column":3}},"line":95},"6":{"name":"(anonymous_6)","decl":{"start":{"line":117,"column":2},"end":{"line":117,"column":3}},"loc":{"start":{"line":117,"column":28},"end":{"line":124,"column":3}},"line":117},"7":{"name":"(anonymous_7)","decl":{"start":{"line":139,"column":2},"end":{"line":139,"column":3}},"loc":{"start":{"line":139,"column":28},"end":{"line":146,"column":3}},"line":139},"8":{"name":"(anonymous_8)","decl":{"start":{"line":155,"column":2},"end":{"line":155,"column":3}},"loc":{"start":{"line":155,"column":28},"end":{"line":162,"column":3}},"line":155},"9":{"name":"(anonymous_9)","decl":{"start":{"line":171,"column":2},"end":{"line":171,"column":3}},"loc":{"start":{"line":171,"column":28},"end":{"line":178,"column":3}},"line":171},"10":{"name":"(anonymous_10)","decl":{"start":{"line":195,"column":2},"end":{"line":195,"column":3}},"loc":{"start":{"line":195,"column":28},"end":{"line":208,"column":3}},"line":195}},"branchMap":{},"s":{"0":8,"1":8,"2":8,"3":0,"4":0,"5":0,"6":0,"7":8,"8":0,"9":0,"10":0,"11":0,"12":8,"13":0,"14":0,"15":0,"16":0,"17":8,"18":0,"19":0,"20":0,"21":0,"22":8,"23":0,"24":0,"25":0,"26":0,"27":8,"28":8,"29":0,"30":0,"31":0,"32":0,"33":8,"34":0,"35":0,"36":0,"37":0,"38":8,"39":0,"40":0,"41":0,"42":0,"43":8,"44":0,"45":0,"46":0,"47":0,"48":8,"49":0,"50":0,"51":0,"52":0,"53":8,"54":0,"55":0,"56":0,"57":0},"f":{"0":0,"1":0,"2":0,"3":0,"4":0,"5":0,"6":0,"7":0,"8":0,"9":0,"10":0},"b":{},"_coverageSchema":"1a1c01bbd47fc00a2c39e90264f33305004495a9","hash":"2e658b337256d3de3449f4bf16ae1fe1ba1350f9"}
,"C:\\coinbitclub-market-bot\\src\\routes\\ai.js": {"path":"C:\\coinbitclub-market-bot\\src\\routes\\ai.js","statementMap":{"0":{"start":{"line":12,"column":15},"end":{"line":12,"column":31}},"1":{"start":{"line":18,"column":0},"end":{"line":18,"column":46}},"2":{"start":{"line":24,"column":0},"end":{"line":24,"column":50}},"3":{"start":{"line":30,"column":0},"end":{"line":30,"column":37}},"4":{"start":{"line":36,"column":0},"end":{"line":36,"column":54}},"5":{"start":{"line":42,"column":0},"end":{"line":42,"column":52}},"6":{"start":{"line":48,"column":0},"end":{"line":48,"column":48}},"7":{"start":{"line":54,"column":0},"end":{"line":54,"column":44}}},"fnMap":{},"branchMap":{},"s":{"0":8,"1":8,"2":8,"3":8,"4":8,"5":8,"6":8,"7":8},"f":{},"b":{},"_coverageSchema":"1a1c01bbd47fc00a2c39e90264f33305004495a9","hash":"5daff701f549d6a1c909792b5d1c06e3a9c46547"}
,"C:\\coinbitclub-market-bot\\src\\routes\\auth.js": {"path":"C:\\coinbitclub-market-bot\\src\\routes\\auth.js","statementMap":{"0":{"start":{"line":10,"column":15},"end":{"line":10,"column":23}},"1":{"start":{"line":12,"column":20},"end":{"line":15,"column":2}},"2":{"start":{"line":17,"column":0},"end":{"line":36,"column":2}},"3":{"start":{"line":21,"column":32},"end":{"line":21,"column":40}},"4":{"start":{"line":23,"column":21},"end":{"line":26,"column":5}},"5":{"start":{"line":28,"column":4},"end":{"line":28,"column":49}},"6":{"start":{"line":28,"column":22},"end":{"line":28,"column":49}},"7":{"start":{"line":30,"column":18},"end":{"line":30,"column":71}},"8":{"start":{"line":31,"column":4},"end":{"line":31,"column":43}},"9":{"start":{"line":31,"column":16},"end":{"line":31,"column":43}},"10":{"start":{"line":33,"column":19},"end":{"line":33,"column":53}},"11":{"start":{"line":34,"column":4},"end":{"line":34,"column":21}},"12":{"start":{"line":38,"column":0},"end":{"line":49,"column":3}},"13":{"start":{"line":39,"column":20},"end":{"line":39,"column":28}},"14":{"start":{"line":40,"column":2},"end":{"line":48,"column":3}},"15":{"start":{"line":41,"column":20},"end":{"line":41,"column":71}},"16":{"start":{"line":42,"column":4},"end":{"line":42,"column":59}},"17":{"start":{"line":42,"column":32},"end":{"line":42,"column":59}},"18":{"start":{"line":43,"column":19},"end":{"line":43,"column":53}},"19":{"start":{"line":44,"column":4},"end":{"line":44,"column":29}},"20":{"start":{"line":45,"column":4},"end":{"line":45,"column":21}},"21":{"start":{"line":47,"column":4},"end":{"line":47,"column":24}},"22":{"start":{"line":51,"column":0},"end":{"line":54,"column":3}},"23":{"start":{"line":52,"column":2},"end":{"line":52,"column":38}},"24":{"start":{"line":53,"column":2},"end":{"line":53,"column":22}}},"fnMap":{"0":{"name":"(anonymous_0)","decl":{"start":{"line":20,"column":2},"end":{"line":20,"column":3}},"loc":{"start":{"line":20,"column":22},"end":{"line":35,"column":3}},"line":20},"1":{"name":"(anonymous_1)","decl":{"start":{"line":38,"column":24},"end":{"line":38,"column":25}},"loc":{"start":{"line":38,"column":44},"end":{"line":49,"column":1}},"line":38},"2":{"name":"(anonymous_2)","decl":{"start":{"line":51,"column":23},"end":{"line":51,"column":24}},"loc":{"start":{"line":51,"column":43},"end":{"line":54,"column":1}},"line":51}},"branchMap":{"0":{"loc":{"start":{"line":28,"column":4},"end":{"line":28,"column":49}},"type":"if","locations":[{"start":{"line":28,"column":4},"end":{"line":28,"column":49}},{"start":{},"end":{}}],"line":28},"1":{"loc":{"start":{"line":31,"column":4},"end":{"line":31,"column":43}},"type":"if","locations":[{"start":{"line":31,"column":4},"end":{"line":31,"column":43}},{"start":{},"end":{}}],"line":31},"2":{"loc":{"start":{"line":42,"column":4},"end":{"line":42,"column":59}},"type":"if","locations":[{"start":{"line":42,"column":4},"end":{"line":42,"column":59}},{"start":{},"end":{}}],"line":42}},"s":{"0":8,"1":8,"2":8,"3":0,"4":0,"5":0,"6":0,"7":0,"8":0,"9":0,"10":0,"11":0,"12":8,"13":0,"14":0,"15":0,"16":0,"17":0,"18":0,"19":0,"20":0,"21":0,"22":8,"23":0,"24":0},"f":{"0":0,"1":0,"2":0},"b":{"0":[0,0],"1":[0,0],"2":[0,0]},"_coverageSchema":"1a1c01bbd47fc00a2c39e90264f33305004495a9","hash":"1041bf8006f0c9018b7f9e4448c5848158a5ed6f"}
,"C:\\coinbitclub-market-bot\\src\\routes\\balances.js": {"path":"C:\\coinbitclub-market-bot\\src\\routes\\balances.js","statementMap":{"0":{"start":{"line":3,"column":15},"end":{"line":3,"column":23}},"1":{"start":{"line":4,"column":0},"end":{"line":4,"column":71}},"2":{"start":{"line":5,"column":0},"end":{"line":6,"column":10}}},"fnMap":{"0":{"name":"(anonymous_0)","decl":{"start":{"line":4,"column":30},"end":{"line":4,"column":31}},"loc":{"start":{"line":4,"column":50},"end":{"line":4,"column":70}},"line":4},"1":{"name":"(anonymous_1)","decl":{"start":{"line":5,"column":44},"end":{"line":5,"column":45}},"loc":{"start":{"line":5,"column":64},"end":{"line":6,"column":9}},"line":5}},"branchMap":{},"s":{"0":8,"1":8,"2":8},"f":{"0":0,"1":0},"b":{},"_coverageSchema":"1a1c01bbd47fc00a2c39e90264f33305004495a9","hash":"667453204a4a87048eb731bb60f428a0786bbc37"}
,"C:\\coinbitclub-market-bot\\src\\routes\\dashboard.js": {"path":"C:\\coinbitclub-market-bot\\src\\routes\\dashboard.js","statementMap":{"0":{"start":{"line":16,"column":15},"end":{"line":16,"column":31}},"1":{"start":{"line":19,"column":0},"end":{"line":34,"column":3}},"2":{"start":{"line":20,"column":2},"end":{"line":33,"column":3}},"3":{"start":{"line":21,"column":19},"end":{"line":21,"column":37}},"4":{"start":{"line":22,"column":17},"end":{"line":22,"column":42}},"5":{"start":{"line":23,"column":4},"end":{"line":23,"column":80}},"6":{"start":{"line":23,"column":15},"end":{"line":23,"column":80}},"7":{"start":{"line":24,"column":18},"end":{"line":26,"column":22}},"8":{"start":{"line":27,"column":16},"end":{"line":27,"column":111}},"9":{"start":{"line":28,"column":4},"end":{"line":28,"column":52}},"10":{"start":{"line":29,"column":4},"end":{"line":29,"column":69}},"11":{"start":{"line":30,"column":4},"end":{"line":30,"column":31}},"12":{"start":{"line":32,"column":4},"end":{"line":32,"column":14}},"13":{"start":{"line":37,"column":0},"end":{"line":49,"column":3}},"14":{"start":{"line":38,"column":2},"end":{"line":48,"column":3}},"15":{"start":{"line":39,"column":21},"end":{"line":44,"column":5}},"16":{"start":{"line":45,"column":4},"end":{"line":45,"column":19}},"17":{"start":{"line":47,"column":4},"end":{"line":47,"column":14}},"18":{"start":{"line":52,"column":0},"end":{"line":63,"column":3}},"19":{"start":{"line":53,"column":2},"end":{"line":62,"column":3}},"20":{"start":{"line":54,"column":21},"end":{"line":58,"column":5}},"21":{"start":{"line":59,"column":4},"end":{"line":59,"column":19}},"22":{"start":{"line":61,"column":4},"end":{"line":61,"column":14}},"23":{"start":{"line":66,"column":0},"end":{"line":75,"column":3}},"24":{"start":{"line":67,"column":2},"end":{"line":74,"column":3}},"25":{"start":{"line":68,"column":21},"end":{"line":70,"column":5}},"26":{"start":{"line":71,"column":4},"end":{"line":71,"column":19}},"27":{"start":{"line":73,"column":4},"end":{"line":73,"column":14}},"28":{"start":{"line":78,"column":0},"end":{"line":86,"column":3}},"29":{"start":{"line":79,"column":2},"end":{"line":85,"column":3}},"30":{"start":{"line":80,"column":17},"end":{"line":80,"column":54}},"31":{"start":{"line":81,"column":4},"end":{"line":81,"column":80}},"32":{"start":{"line":81,"column":15},"end":{"line":81,"column":80}},"33":{"start":{"line":82,"column":4},"end":{"line":82,"column":19}},"34":{"start":{"line":84,"column":4},"end":{"line":84,"column":14}},"35":{"start":{"line":89,"column":0},"end":{"line":97,"column":3}},"36":{"start":{"line":90,"column":2},"end":{"line":96,"column":3}},"37":{"start":{"line":91,"column":20},"end":{"line":91,"column":66}},"38":{"start":{"line":92,"column":4},"end":{"line":92,"column":77}},"39":{"start":{"line":92,"column":18},"end":{"line":92,"column":77}},"40":{"start":{"line":93,"column":4},"end":{"line":93,"column":22}},"41":{"start":{"line":95,"column":4},"end":{"line":95,"column":14}},"42":{"start":{"line":100,"column":0},"end":{"line":107,"column":3}},"43":{"start":{"line":101,"column":2},"end":{"line":106,"column":3}},"44":{"start":{"line":102,"column":19},"end":{"line":102,"column":66}},"45":{"start":{"line":103,"column":4},"end":{"line":103,"column":25}},"46":{"start":{"line":105,"column":4},"end":{"line":105,"column":14}},"47":{"start":{"line":110,"column":0},"end":{"line":117,"column":3}},"48":{"start":{"line":111,"column":2},"end":{"line":116,"column":3}},"49":{"start":{"line":112,"column":16},"end":{"line":112,"column":59}},"50":{"start":{"line":113,"column":4},"end":{"line":113,"column":18}},"51":{"start":{"line":115,"column":4},"end":{"line":115,"column":14}},"52":{"start":{"line":120,"column":0},"end":{"line":128,"column":3}},"53":{"start":{"line":121,"column":2},"end":{"line":127,"column":3}},"54":{"start":{"line":122,"column":18},"end":{"line":122,"column":63}},"55":{"start":{"line":123,"column":20},"end":{"line":123,"column":67}},"56":{"start":{"line":124,"column":4},"end":{"line":124,"column":33}},"57":{"start":{"line":126,"column":4},"end":{"line":126,"column":14}},"58":{"start":{"line":131,"column":0},"end":{"line":144,"column":3}},"59":{"start":{"line":132,"column":2},"end":{"line":143,"column":3}},"60":{"start":{"line":133,"column":48},"end":{"line":133,"column":56}},"61":{"start":{"line":134,"column":18},"end":{"line":139,"column":6}},"62":{"start":{"line":140,"column":4},"end":{"line":140,"column":20}},"63":{"start":{"line":142,"column":4},"end":{"line":142,"column":14}},"64":{"start":{"line":147,"column":0},"end":{"line":159,"column":3}},"65":{"start":{"line":148,"column":2},"end":{"line":158,"column":3}},"66":{"start":{"line":149,"column":36},"end":{"line":149,"column":44}},"67":{"start":{"line":150,"column":18},"end":{"line":154,"column":6}},"68":{"start":{"line":155,"column":4},"end":{"line":155,"column":20}},"69":{"start":{"line":157,"column":4},"end":{"line":157,"column":14}},"70":{"start":{"line":162,"column":0},"end":{"line":177,"column":3}},"71":{"start":{"line":163,"column":2},"end":{"line":176,"column":3}},"72":{"start":{"line":164,"column":39},"end":{"line":164,"column":92}},"73":{"start":{"line":165,"column":39},"end":{"line":165,"column":126}},"74":{"start":{"line":166,"column":39},"end":{"line":166,"column":102}},"75":{"start":{"line":167,"column":39},"end":{"line":167,"column":100}},"76":{"start":{"line":168,"column":4},"end":{"line":173,"column":7}},"77":{"start":{"line":175,"column":4},"end":{"line":175,"column":14}},"78":{"start":{"line":180,"column":0},"end":{"line":180,"column":82}},"79":{"start":{"line":180,"column":31},"end":{"line":180,"column":80}}},"fnMap":{"0":{"name":"(anonymous_0)","decl":{"start":{"line":19,"column":50},"end":{"line":19,"column":51}},"loc":{"start":{"line":19,"column":76},"end":{"line":34,"column":1}},"line":19},"1":{"name":"(anonymous_1)","decl":{"start":{"line":37,"column":34},"end":{"line":37,"column":35}},"loc":{"start":{"line":37,"column":60},"end":{"line":49,"column":1}},"line":37},"2":{"name":"(anonymous_2)","decl":{"start":{"line":52,"column":25},"end":{"line":52,"column":26}},"loc":{"start":{"line":52,"column":52},"end":{"line":63,"column":1}},"line":52},"3":{"name":"(anonymous_3)","decl":{"start":{"line":66,"column":24},"end":{"line":66,"column":25}},"loc":{"start":{"line":66,"column":51},"end":{"line":75,"column":1}},"line":66},"4":{"name":"(anonymous_4)","decl":{"start":{"line":78,"column":33},"end":{"line":78,"column":34}},"loc":{"start":{"line":78,"column":59},"end":{"line":86,"column":1}},"line":78},"5":{"name":"(anonymous_5)","decl":{"start":{"line":89,"column":33},"end":{"line":89,"column":34}},"loc":{"start":{"line":89,"column":59},"end":{"line":97,"column":1}},"line":89},"6":{"name":"(anonymous_6)","decl":{"start":{"line":100,"column":45},"end":{"line":100,"column":46}},"loc":{"start":{"line":100,"column":71},"end":{"line":107,"column":1}},"line":100},"7":{"name":"(anonymous_7)","decl":{"start":{"line":110,"column":43},"end":{"line":110,"column":44}},"loc":{"start":{"line":110,"column":69},"end":{"line":117,"column":1}},"line":110},"8":{"name":"(anonymous_8)","decl":{"start":{"line":120,"column":45},"end":{"line":120,"column":46}},"loc":{"start":{"line":120,"column":71},"end":{"line":128,"column":1}},"line":120},"9":{"name":"(anonymous_9)","decl":{"start":{"line":131,"column":51},"end":{"line":131,"column":52}},"loc":{"start":{"line":131,"column":77},"end":{"line":144,"column":1}},"line":131},"10":{"name":"(anonymous_10)","decl":{"start":{"line":147,"column":53},"end":{"line":147,"column":54}},"loc":{"start":{"line":147,"column":79},"end":{"line":159,"column":1}},"line":147},"11":{"name":"(anonymous_11)","decl":{"start":{"line":162,"column":25},"end":{"line":162,"column":26}},"loc":{"start":{"line":162,"column":52},"end":{"line":177,"column":1}},"line":162},"12":{"name":"(anonymous_12)","decl":{"start":{"line":180,"column":16},"end":{"line":180,"column":17}},"loc":{"start":{"line":180,"column":31},"end":{"line":180,"column":80}},"line":180}},"branchMap":{"0":{"loc":{"start":{"line":23,"column":4},"end":{"line":23,"column":80}},"type":"if","locations":[{"start":{"line":23,"column":4},"end":{"line":23,"column":80}},{"start":{},"end":{}}],"line":23},"1":{"loc":{"start":{"line":24,"column":18},"end":{"line":26,"column":22}},"type":"cond-expr","locations":[{"start":{"line":25,"column":8},"end":{"line":25,"column":65}},{"start":{"line":26,"column":8},"end":{"line":26,"column":22}}],"line":24},"2":{"loc":{"start":{"line":81,"column":4},"end":{"line":81,"column":80}},"type":"if","locations":[{"start":{"line":81,"column":4},"end":{"line":81,"column":80}},{"start":{},"end":{}}],"line":81},"3":{"loc":{"start":{"line":92,"column":4},"end":{"line":92,"column":77}},"type":"if","locations":[{"start":{"line":92,"column":4},"end":{"line":92,"column":77}},{"start":{},"end":{}}],"line":92}},"s":{"0":8,"1":8,"2":0,"3":0,"4":0,"5":0,"6":0,"7":0,"8":0,"9":0,"10":0,"11":0,"12":0,"13":8,"14":0,"15":0,"16":0,"17":0,"18":8,"19":0,"20":0,"21":0,"22":0,"23":8,"24":0,"25":0,"26":0,"27":0,"28":8,"29":0,"30":0,"31":0,"32":0,"33":0,"34":0,"35":8,"36":0,"37":0,"38":0,"39":0,"40":0,"41":0,"42":8,"43":0,"44":0,"45":0,"46":0,"47":8,"48":0,"49":0,"50":0,"51":0,"52":8,"53":0,"54":0,"55":0,"56":0,"57":0,"58":8,"59":0,"60":0,"61":0,"62":0,"63":0,"64":8,"65":0,"66":0,"67":0,"68":0,"69":0,"70":8,"71":0,"72":0,"73":0,"74":0,"75":0,"76":0,"77":0,"78":8,"79":0},"f":{"0":0,"1":0,"2":0,"3":0,"4":0,"5":0,"6":0,"7":0,"8":0,"9":0,"10":0,"11":0,"12":0},"b":{"0":[0,0],"1":[0,0],"2":[0,0],"3":[0,0]},"_coverageSchema":"1a1c01bbd47fc00a2c39e90264f33305004495a9","hash":"c4029f6ad0ae68a5614adfe4dc9774950b7d22b4"}
,"C:\\coinbitclub-market-bot\\src\\routes\\dominance.js": {"path":"C:\\coinbitclub-market-bot\\src\\routes\\dominance.js","statementMap":{"0":{"start":{"line":6,"column":15},"end":{"line":6,"column":31}},"1":{"start":{"line":12,"column":0},"end":{"line":27,"column":3}},"2":{"start":{"line":13,"column":2},"end":{"line":26,"column":3}},"3":{"start":{"line":15,"column":33},"end":{"line":15,"column":57}},"4":{"start":{"line":18,"column":4},"end":{"line":21,"column":6}},"5":{"start":{"line":23,"column":4},"end":{"line":23,"column":31}},"6":{"start":{"line":25,"column":4},"end":{"line":25,"column":14}}},"fnMap":{"0":{"name":"(anonymous_0)","decl":{"start":{"line":12,"column":17},"end":{"line":12,"column":18}},"loc":{"start":{"line":12,"column":43},"end":{"line":27,"column":1}},"line":12}},"branchMap":{},"s":{"0":8,"1":8,"2":0,"3":0,"4":0,"5":0,"6":0},"f":{"0":0},"b":{},"_coverageSchema":"1a1c01bbd47fc00a2c39e90264f33305004495a9","hash":"3dcdea5578d6585145a5db2cfb702bc332f5bfc3"}
,"C:\\coinbitclub-market-bot\\src\\routes\\fearGreed.js": {"path":"C:\\coinbitclub-market-bot\\src\\routes\\fearGreed.js","statementMap":{"0":{"start":{"line":5,"column":15},"end":{"line":5,"column":31}},"1":{"start":{"line":7,"column":0},"end":{"line":15,"column":3}},"2":{"start":{"line":8,"column":2},"end":{"line":14,"column":3}},"3":{"start":{"line":9,"column":15},"end":{"line":9,"column":39}},"4":{"start":{"line":10,"column":4},"end":{"line":10,"column":28}},"5":{"start":{"line":11,"column":4},"end":{"line":11,"column":31}},"6":{"start":{"line":13,"column":4},"end":{"line":13,"column":14}}},"fnMap":{"0":{"name":"(anonymous_0)","decl":{"start":{"line":7,"column":17},"end":{"line":7,"column":18}},"loc":{"start":{"line":7,"column":43},"end":{"line":15,"column":1}},"line":7}},"branchMap":{},"s":{"0":8,"1":8,"2":0,"3":0,"4":0,"5":0,"6":0},"f":{"0":0},"b":{},"_coverageSchema":"1a1c01bbd47fc00a2c39e90264f33305004495a9","hash":"12f58e4b2b095e9f7aa8378fd25d53f4dc030bd1"}
,"C:\\coinbitclub-market-bot\\src\\routes\\fetch.js": {"path":"C:\\coinbitclub-market-bot\\src\\routes\\fetch.js","statementMap":{"0":{"start":{"line":5,"column":15},"end":{"line":5,"column":31}},"1":{"start":{"line":8,"column":0},"end":{"line":25,"column":3}},"2":{"start":{"line":9,"column":2},"end":{"line":24,"column":3}},"3":{"start":{"line":10,"column":21},"end":{"line":20,"column":5}},"4":{"start":{"line":21,"column":4},"end":{"line":21,"column":19}},"5":{"start":{"line":23,"column":4},"end":{"line":23,"column":14}},"6":{"start":{"line":28,"column":0},"end":{"line":46,"column":3}},"7":{"start":{"line":29,"column":2},"end":{"line":45,"column":3}},"8":{"start":{"line":30,"column":21},"end":{"line":40,"column":5}},"9":{"start":{"line":41,"column":4},"end":{"line":41,"column":79}},"10":{"start":{"line":41,"column":22},"end":{"line":41,"column":79}},"11":{"start":{"line":42,"column":4},"end":{"line":42,"column":22}},"12":{"start":{"line":44,"column":4},"end":{"line":44,"column":14}},"13":{"start":{"line":49,"column":0},"end":{"line":65,"column":3}},"14":{"start":{"line":50,"column":2},"end":{"line":64,"column":3}},"15":{"start":{"line":51,"column":21},"end":{"line":59,"column":5}},"16":{"start":{"line":60,"column":4},"end":{"line":60,"column":82}},"17":{"start":{"line":60,"column":22},"end":{"line":60,"column":82}},"18":{"start":{"line":61,"column":4},"end":{"line":61,"column":22}},"19":{"start":{"line":63,"column":4},"end":{"line":63,"column":14}},"20":{"start":{"line":68,"column":0},"end":{"line":85,"column":3}},"21":{"start":{"line":69,"column":2},"end":{"line":84,"column":3}},"22":{"start":{"line":70,"column":21},"end":{"line":79,"column":5}},"23":{"start":{"line":80,"column":4},"end":{"line":80,"column":83}},"24":{"start":{"line":80,"column":22},"end":{"line":80,"column":83}},"25":{"start":{"line":81,"column":4},"end":{"line":81,"column":22}},"26":{"start":{"line":83,"column":4},"end":{"line":83,"column":14}}},"fnMap":{"0":{"name":"(anonymous_0)","decl":{"start":{"line":8,"column":23},"end":{"line":8,"column":24}},"loc":{"start":{"line":8,"column":50},"end":{"line":25,"column":1}},"line":8},"1":{"name":"(anonymous_1)","decl":{"start":{"line":28,"column":22},"end":{"line":28,"column":23}},"loc":{"start":{"line":28,"column":49},"end":{"line":46,"column":1}},"line":28},"2":{"name":"(anonymous_2)","decl":{"start":{"line":49,"column":25},"end":{"line":49,"column":26}},"loc":{"start":{"line":49,"column":52},"end":{"line":65,"column":1}},"line":49},"3":{"name":"(anonymous_3)","decl":{"start":{"line":68,"column":26},"end":{"line":68,"column":27}},"loc":{"start":{"line":68,"column":53},"end":{"line":85,"column":1}},"line":68}},"branchMap":{"0":{"loc":{"start":{"line":41,"column":4},"end":{"line":41,"column":79}},"type":"if","locations":[{"start":{"line":41,"column":4},"end":{"line":41,"column":79}},{"start":{},"end":{}}],"line":41},"1":{"loc":{"start":{"line":60,"column":4},"end":{"line":60,"column":82}},"type":"if","locations":[{"start":{"line":60,"column":4},"end":{"line":60,"column":82}},{"start":{},"end":{}}],"line":60},"2":{"loc":{"start":{"line":80,"column":4},"end":{"line":80,"column":83}},"type":"if","locations":[{"start":{"line":80,"column":4},"end":{"line":80,"column":83}},{"start":{},"end":{}}],"line":80}},"s":{"0":8,"1":8,"2":0,"3":0,"4":0,"5":0,"6":8,"7":0,"8":0,"9":0,"10":0,"11":0,"12":0,"13":8,"14":0,"15":0,"16":0,"17":0,"18":0,"19":0,"20":8,"21":0,"22":0,"23":0,"24":0,"25":0,"26":0},"f":{"0":0,"1":0,"2":0,"3":0},"b":{"0":[0,0],"1":[0,0],"2":[0,0]},"_coverageSchema":"1a1c01bbd47fc00a2c39e90264f33305004495a9","hash":"32e6e73fdf8598301e1cda2e50dedea7b84916d2"}
,"C:\\coinbitclub-market-bot\\src\\routes\\integrations.js": {"path":"C:\\coinbitclub-market-bot\\src\\routes\\integrations.js","statementMap":{"0":{"start":{"line":4,"column":15},"end":{"line":4,"column":31}},"1":{"start":{"line":7,"column":0},"end":{"line":12,"column":3}},"2":{"start":{"line":8,"column":2},"end":{"line":11,"column":30}},"3":{"start":{"line":9,"column":25},"end":{"line":9,"column":67}},"4":{"start":{"line":10,"column":4},"end":{"line":10,"column":27}},"5":{"start":{"line":11,"column":18},"end":{"line":11,"column":28}},"6":{"start":{"line":15,"column":0},"end":{"line":20,"column":3}},"7":{"start":{"line":16,"column":2},"end":{"line":19,"column":30}},"8":{"start":{"line":17,"column":24},"end":{"line":17,"column":73}},"9":{"start":{"line":18,"column":4},"end":{"line":18,"column":26}},"10":{"start":{"line":19,"column":18},"end":{"line":19,"column":28}}},"fnMap":{"0":{"name":"(anonymous_0)","decl":{"start":{"line":7,"column":16},"end":{"line":7,"column":17}},"loc":{"start":{"line":7,"column":42},"end":{"line":12,"column":1}},"line":7},"1":{"name":"(anonymous_1)","decl":{"start":{"line":15,"column":17},"end":{"line":15,"column":18}},"loc":{"start":{"line":15,"column":43},"end":{"line":20,"column":1}},"line":15}},"branchMap":{},"s":{"0":8,"1":8,"2":0,"3":0,"4":0,"5":0,"6":8,"7":0,"8":0,"9":0,"10":0},"f":{"0":0,"1":0},"b":{},"_coverageSchema":"1a1c01bbd47fc00a2c39e90264f33305004495a9","hash":"1484a0646c1afaea9b27233d2200f560ac1cdbe1"}
,"C:\\coinbitclub-market-bot\\src\\routes\\market.js": {"path":"C:\\coinbitclub-market-bot\\src\\routes\\market.js","statementMap":{"0":{"start":{"line":5,"column":15},"end":{"line":5,"column":31}},"1":{"start":{"line":7,"column":0},"end":{"line":15,"column":3}},"2":{"start":{"line":8,"column":2},"end":{"line":14,"column":3}},"3":{"start":{"line":9,"column":14},"end":{"line":9,"column":35}},"4":{"start":{"line":10,"column":4},"end":{"line":10,"column":24}},"5":{"start":{"line":11,"column":4},"end":{"line":11,"column":31}},"6":{"start":{"line":13,"column":4},"end":{"line":13,"column":14}}},"fnMap":{"0":{"name":"(anonymous_0)","decl":{"start":{"line":7,"column":17},"end":{"line":7,"column":18}},"loc":{"start":{"line":7,"column":43},"end":{"line":15,"column":1}},"line":7}},"branchMap":{},"s":{"0":8,"1":8,"2":0,"3":0,"4":0,"5":0,"6":0},"f":{"0":0},"b":{},"_coverageSchema":"1a1c01bbd47fc00a2c39e90264f33305004495a9","hash":"f557984dfdd4ee5490ecd1cba2ff86ec9fd9a862"}
,"C:\\coinbitclub-market-bot\\src\\routes\\notifications.js": {"path":"C:\\coinbitclub-market-bot\\src\\routes\\notifications.js","statementMap":{"0":{"start":{"line":4,"column":15},"end":{"line":4,"column":31}},"1":{"start":{"line":7,"column":0},"end":{"line":12,"column":3}},"2":{"start":{"line":8,"column":2},"end":{"line":11,"column":30}},"3":{"start":{"line":9,"column":19},"end":{"line":9,"column":71}},"4":{"start":{"line":10,"column":4},"end":{"line":10,"column":21}},"5":{"start":{"line":11,"column":18},"end":{"line":11,"column":28}},"6":{"start":{"line":15,"column":0},"end":{"line":21,"column":3}},"7":{"start":{"line":16,"column":2},"end":{"line":20,"column":30}},"8":{"start":{"line":17,"column":23},"end":{"line":17,"column":32}},"9":{"start":{"line":18,"column":18},"end":{"line":18,"column":72}},"10":{"start":{"line":19,"column":4},"end":{"line":19,"column":20}},"11":{"start":{"line":20,"column":18},"end":{"line":20,"column":28}}},"fnMap":{"0":{"name":"(anonymous_0)","decl":{"start":{"line":7,"column":21},"end":{"line":7,"column":22}},"loc":{"start":{"line":7,"column":47},"end":{"line":12,"column":1}},"line":7},"1":{"name":"(anonymous_1)","decl":{"start":{"line":15,"column":16},"end":{"line":15,"column":17}},"loc":{"start":{"line":15,"column":42},"end":{"line":21,"column":1}},"line":15}},"branchMap":{},"s":{"0":8,"1":8,"2":0,"3":0,"4":0,"5":0,"6":8,"7":0,"8":0,"9":0,"10":0,"11":0},"f":{"0":0,"1":0},"b":{},"_coverageSchema":"1a1c01bbd47fc00a2c39e90264f33305004495a9","hash":"f3d6094ed03fb52857609aa4a71082a400caa400"}
,"C:\\coinbitclub-market-bot\\src\\routes\\planRoutes.js": {"path":"C:\\coinbitclub-market-bot\\src\\routes\\planRoutes.js","statementMap":{"0":{"start":{"line":4,"column":15},"end":{"line":4,"column":23}},"1":{"start":{"line":6,"column":0},"end":{"line":6,"column":26}},"2":{"start":{"line":7,"column":0},"end":{"line":7,"column":26}},"3":{"start":{"line":8,"column":0},"end":{"line":8,"column":34}}},"fnMap":{},"branchMap":{},"s":{"0":8,"1":8,"2":8,"3":8},"f":{},"b":{},"_coverageSchema":"1a1c01bbd47fc00a2c39e90264f33305004495a9","hash":"82c2f1d0089ec3e9eea652b3e0b931b6318de47f"}
[...]
n":56}},"1":{"start":{"line":4,"column":39},"end":{"line":4,"column":56}},"2":{"start":{"line":5,"column":21},"end":{"line":5,"column":58}},"3":{"start":{"line":6,"column":19},"end":{"line":10,"column":3}},"4":{"start":{"line":11,"column":2},"end":{"line":11,"column":17}},"5":{"start":{"line":15,"column":2},"end":{"line":15,"column":56}},"6":{"start":{"line":15,"column":39},"end":{"line":15,"column":56}},"7":{"start":{"line":16,"column":13},"end":{"line":16,"column":50}},"8":{"start":{"line":17,"column":19},"end":{"line":21,"column":3}},"9":{"start":{"line":22,"column":2},"end":{"line":22,"column":17}}},"fnMap":{"0":{"name":"saveSignal","decl":{"start":{"line":3,"column":22},"end":{"line":3,"column":32}},"loc":{"start":{"line":3,"column":69},"end":{"line":12,"column":1}},"line":3},"1":{"name":"saveDominance","decl":{"start":{"line":14,"column":22},"end":{"line":14,"column":35}},"loc":{"start":{"line":14,"column":69},"end":{"line":23,"column":1}},"line":14}},"branchMap":{"0":{"loc":{"start":{"line":4,"column":2},"end":{"line":4,"column":56}},"type":"if","locations":[{"start":{"line":4,"column":2},"end":{"line":4,"column":56}},{"start":{},"end":{}}],"line":4},"1":{"loc":{"start":{"line":5,"column":21},"end":{"line":5,"column":58}},"type":"binary-expr","locations":[{"start":{"line":5,"column":21},"end":{"line":5,"column":30}},{"start":{"line":5,"column":34},"end":{"line":5,"column":58}}],"line":5},"2":{"loc":{"start":{"line":15,"column":2},"end":{"line":15,"column":56}},"type":"if","locations":[{"start":{"line":15,"column":2},"end":{"line":15,"column":56}},{"start":{},"end":{}}],"line":15},"3":{"loc":{"start":{"line":16,"column":13},"end":{"line":16,"column":50}},"type":"binary-expr","locations":[{"start":{"line":16,"column":13},"end":{"line":16,"column":22}},{"start":{"line":16,"column":26},"end":{"line":16,"column":50}}],"line":16}},"s":{"0":3,"1":3,"2":0,"3":0,"4":0,"5":3,"6":3,"7":0,"8":0,"9":0},"f":{"0":3,"1":3},"b":{"0":[3,0],"1":[0,0],"2":[3,0],"3":[0,0]},"_coverageSchema":"1a1c01bbd47fc00a2c39e90264f33305004495a9","hash":"0dd6a10078119271fdb02b0072c16d3f62da2be8"}
,"C:\\coinbitclub-market-bot\\src\\services\\tokenService.js": {"path":"C:\\coinbitclub-market-bot\\src\\services\\tokenService.js","statementMap":{"0":{"start":{"line":5,"column":17},"end":{"line":5,"column":80}},"1":{"start":{"line":6,"column":18},"end":{"line":6,"column":90}},"2":{"start":{"line":7,"column":2},"end":{"line":7,"column":29}},"3":{"start":{"line":11,"column":2},"end":{"line":11,"column":76}},"4":{"start":{"line":15,"column":23},"end":{"line":18,"column":3}},"5":{"start":{"line":19,"column":2},"end":{"line":19,"column":22}}},"fnMap":{"0":{"name":"generateTokens","decl":{"start":{"line":4,"column":16},"end":{"line":4,"column":30}},"loc":{"start":{"line":4,"column":40},"end":{"line":8,"column":1}},"line":4},"1":{"name":"revokeToken","decl":{"start":{"line":10,"column":22},"end":{"line":10,"column":33}},"loc":{"start":{"line":10,"column":41},"end":{"line":12,"column":1}},"line":10},"2":{"name":"isRevoked","decl":{"start":{"line":14,"column":22},"end":{"line":14,"column":31}},"loc":{"start":{"line":14,"column":39},"end":{"line":20,"column":1}},"line":14}},"branchMap":{},"s":{"0":0,"1":0,"2":0,"3":0,"4":0,"5":0},"f":{"0":0,"1":0,"2":0},"b":{},"_coverageSchema":"1a1c01bbd47fc00a2c39e90264f33305004495a9","hash":"a2164d4eff4cc9c49550d26698df1172a8729365"}
,"C:\\coinbitclub-market-bot\\src\\services\\userService.js": {"path":"C:\\coinbitclub-market-bot\\src\\services\\userService.js","statementMap":{"0":{"start":{"line":7,"column":15},"end":{"line":7,"column":46}},"1":{"start":{"line":8,"column":16},"end":{"line":8,"column":47}},"2":{"start":{"line":9,"column":2},"end":{"line":11,"column":3}},"3":{"start":{"line":10,"column":4},"end":{"line":10,"column":64}},"4":{"start":{"line":12,"column":2},"end":{"line":18,"column":3}},"5":{"start":{"line":13,"column":20},"end":{"line":13,"column":61}},"6":{"start":{"line":14,"column":4},"end":{"line":14,"column":23}},"7":{"start":{"line":15,"column":4},"end":{"line":15,"column":11}},"8":{"start":{"line":17,"column":4},"end":{"line":17,"column":73}},"9":{"start":{"line":23,"column":17},"end":{"line":26,"column":3}},"10":{"start":{"line":27,"column":2},"end":{"line":29,"column":3}},"11":{"start":{"line":28,"column":4},"end":{"line":28,"column":45}},"12":{"start":{"line":30,"column":15},"end":{"line":30,"column":42}},"13":{"start":{"line":31,"column":19},"end":{"line":37,"column":3}},"14":{"start":{"line":38,"column":2},"end":{"line":38,"column":17}},"15":{"start":{"line":43,"column":19},"end":{"line":46,"column":3}},"16":{"start":{"line":47,"column":2},"end":{"line":49,"column":3}},"17":{"start":{"line":48,"column":4},"end":{"line":48,"column":61}},"18":{"start":{"line":50,"column":15},"end":{"line":50,"column":22}},"19":{"start":{"line":51,"column":16},"end":{"line":51,"column":63}},"20":{"start":{"line":52,"column":2},"end":{"line":54,"column":3}},"21":{"start":{"line":53,"column":4},"end":{"line":53,"column":54}},"22":{"start":{"line":55,"column":16},"end":{"line":59,"column":3}},"23":{"start":{"line":60,"column":2},"end":{"line":60,"column":28}},"24":{"start":{"line":61,"column":2},"end":{"line":61,"column":25}},"25":{"start":{"line":66,"column":2},"end":{"line":66,"column":83}},"26":{"start":{"line":71,"column":19},"end":{"line":76,"column":3}},"27":{"start":{"line":77,"column":2},"end":{"line":77,"column":25}},"28":{"start":{"line":82,"column":17},"end":{"line":82,"column":19}},"29":{"start":{"line":83,"column":17},"end":{"line":83,"column":19}},"30":{"start":{"line":84,"column":15},"end":{"line":84,"column":56}},"31":{"start":{"line":85,"column":2},"end":{"line":90,"column":5}},"32":{"start":{"line":86,"column":4},"end":{"line":89,"column":5}},"33":{"start":{"line":87,"column":6},"end":{"line":87,"column":29}},"34":{"start":{"line":88,"column":6},"end":{"line":88,"column":48}},"35":{"start":{"line":91,"column":2},"end":{"line":93,"column":3}},"36":{"start":{"line":92,"column":4},"end":{"line":92,"column":52}},"37":{"start":{"line":94,"column":2},"end":{"line":94,"column":18}},"38":{"start":{"line":95,"column":16},"end":{"line":95,"column":104}},"39":{"start":{"line":96,"column":2},"end":{"line":96,"column":34}},"40":{"start":{"line":97,"column":2},"end":{"line":97,"column":22}},"41":{"start":{"line":102,"column":19},"end":{"line":111,"column":3}},"42":{"start":{"line":112,"column":2},"end":{"line":112,"column":17}},"43":{"start":{"line":117,"column":12},"end":{"line":117,"column":62}},"44":{"start":{"line":118,"column":2},"end":{"line":118,"column":62}},"45":{"start":{"line":118,"column":26},"end":{"line":118,"column":62}},"46":{"start":{"line":119,"column":2},"end":{"line":119,"column":64}},"47":{"start":{"line":119,"column":27},"end":{"line":119,"column":64}},"48":{"start":{"line":120,"column":2},"end":{"line":120,"column":36}},"49":{"start":{"line":121,"column":19},"end":{"line":121,"column":50}},"50":{"start":{"line":122,"column":2},"end":{"line":122,"column":14}},"51":{"start":{"line":127,"column":19},"end":{"line":130,"column":3}},"52":{"start":{"line":131,"column":16},"end":{"line":131,"column":52}},"53":{"start":{"line":132,"column":2},"end":{"line":132,"column":34}},"54":{"start":{"line":137,"column":19},"end":{"line":140,"column":3}},"55":{"start":{"line":141,"column":2},"end":{"line":141,"column":14}},"56":{"start":{"line":146,"column":2},"end":{"line":151,"column":4}},"57":{"start":{"line":152,"column":2},"end":{"line":152,"column":22}},"58":{"start":{"line":157,"column":19},"end":{"line":161,"column":3}},"59":{"start":{"line":162,"column":2},"end":{"line":164,"column":78}},"60":{"start":{"line":168,"column":2},"end":{"line":176,"column":4}},"61":{"start":{"line":177,"column":2},"end":{"line":177,"column":22}},"62":{"start":{"line":182,"column":19},"end":{"line":186,"column":3}},"63":{"start":{"line":187,"column":2},"end":{"line":187,"column":14}},"64":{"start":{"line":192,"column":2},"end":{"line":195,"column":4}},"65":{"start":{"line":196,"column":2},"end":{"line":196,"column":22}},"66":{"start":{"line":201,"column":19},"end":{"line":205,"column":3}},"67":{"start":{"line":206,"column":2},"end":{"line":206,"column":25}},"68":{"start":{"line":210,"column":19},"end":{"line":213,"column":3}},"69":{"start":{"line":214,"column":2},"end":{"line":214,"column":14}},"70":{"start":{"line":219,"column":21},"end":{"line":225,"column":3}},"71":{"start":{"line":227,"column":21},"end":{"line":233,"column":3}},"72":{"start":{"line":235,"column":2},"end":{"line":239,"column":4}},"73":{"start":{"line":244,"column":17},"end":{"line":244,"column":39}},"74":{"start":{"line":245,"column":19},"end":{"line":245,"column":51}},"75":{"start":{"line":247,"column":2},"end":{"line":252,"column":4}}},"fnMap":{"0":{"name":"jwtMiddleware","decl":{"start":{"line":6,"column":16},"end":{"line":6,"column":29}},"loc":{"start":{"line":6,"column":46},"end":{"line":19,"column":1}},"line":6},"1":{"name":"registerUser","decl":{"start":{"line":22,"column":22},"end":{"line":22,"column":34}},"loc":{"start":{"line":22,"column":100},"end":{"line":39,"column":1}},"line":22},"2":{"name":"loginUser","decl":{"start":{"line":42,"column":22},"end":{"line":42,"column":31}},"loc":{"start":{"line":42,"column":50},"end":{"line":62,"column":1}},"line":42},"3":{"name":"forgotPassword","decl":{"start":{"line":65,"column":22},"end":{"line":65,"column":36}},"loc":{"start":{"line":65,"column":44},"end":{"line":67,"column":1}},"line":65},"4":{"name":"getUserById","decl":{"start":{"line":70,"column":22},"end":{"line":70,"column":33}},"loc":{"start":{"line":70,"column":38},"end":{"line":78,"column":1}},"line":70},"5":{"name":"updateUser","decl":{"start":{"line":81,"column":22},"end":{"line":81,"column":32}},"loc":{"start":{"line":81,"column":43},"end":{"line":98,"column":1}},"line":81},"6":{"name":"(anonymous_6)","decl":{"start":{"line":85,"column":15},"end":{"line":85,"column":16}},"loc":{"start":{"line":85,"column":24},"end":{"line":90,"column":3}},"line":85},"7":{"name":"saveCredentials","decl":{"start":{"line":101,"column":22},"end":{"line":101,"column":37}},"loc":{"start":{"line":101,"column":93},"end":{"line":113,"column":1}},"line":101},"8":{"name":"getOperations","decl":{"start":{"line":116,"column":22},"end":{"line":116,"column":35}},"loc":{"start":{"line":116,"column":50},"end":{"line":123,"column":1}},"line":116},"9":{"name":"getFinance","decl":{"start":{"line":126,"column":22},"end":{"line":126,"column":32}},"loc":{"start":{"line":126,"column":41},"end":{"line":133,"column":1}},"line":126},"10":{"name":"getSubscriptions","decl":{"start":{"line":136,"column":22},"end":{"line":136,"column":38}},"loc":{"start":{"line":136,"column":47},"end":{"line":142,"column":1}},"line":136},"11":{"name":"changeSubscription","decl":{"start":{"line":145,"column":22},"end":{"line":145,"column":40}},"loc":{"start":{"line":145,"column":85},"end":{"line":153,"column":1}},"line":145},"12":{"name":"getRisks","decl":{"start":{"line":156,"column":22},"end":{"line":156,"column":30}},"loc":{"start":{"line":156,"column":39},"end":{"line":165,"column":1}},"line":156},"13":{"name":"updateRisks","decl":{"start":{"line":167,"column":22},"end":{"line":167,"column":33}},"loc":{"start":{"line":167,"column":77},"end":{"line":178,"column":1}},"line":167},"14":{"name":"getSignals","decl":{"start":{"line":181,"column":22},"end":{"line":181,"column":32}},"loc":{"start":{"line":181,"column":41},"end":{"line":188,"column":1}},"line":181},"15":{"name":"requestWithdrawal","decl":{"start":{"line":191,"column":22},"end":{"line":191,"column":39}},"loc":{"start":{"line":191,"column":56},"end":{"line":197,"column":1}},"line":191},"16":{"name":"getUserByEmail","decl":{"start":{"line":200,"column":22},"end":{"line":200,"column":36}},"loc":{"start":{"line":200,"column":44},"end":{"line":207,"column":1}},"line":200},"17":{"name":"getTradeHistory","decl":{"start":{"line":209,"column":22},"end":{"line":209,"column":37}},"loc":{"start":{"line":209,"column":46},"end":{"line":215,"column":1}},"line":209},"18":{"name":"getUserStatus","decl":{"start":{"line":218,"column":22},"end":{"line":218,"column":35}},"loc":{"start":{"line":218,"column":44},"end":{"line":240,"column":1}},"line":218},"19":{"name":"getUserSettings","decl":{"start":{"line":243,"column":22},"end":{"line":243,"column":37}},"loc":{"start":{"line":243,"column":46},"end":{"line":253,"column":1}},"line":243}},"branchMap":{"0":{"loc":{"start":{"line":7,"column":15},"end":{"line":7,"column":46}},"type":"binary-expr","locations":[{"start":{"line":7,"column":15},"end":{"line":7,"column":40}},{"start":{"line":7,"column":44},"end":{"line":7,"column":46}}],"line":7},"1":{"loc":{"start":{"line":9,"column":2},"end":{"line":11,"column":3}},"type":"if","locations":[{"start":{"line":9,"column":2},"end":{"line":11,"column":3}},{"start":{},"end":{}}],"line":9},"2":{"loc":{"start":{"line":27,"column":2},"end":{"line":29,"column":3}},"type":"if","locations":[{"start":{"line":27,"column":2},"end":{"line":29,"column":3}},{"start":{},"end":{}}],"line":27},"3":{"loc":{"start":{"line":47,"column":2},"end":{"line":49,"column":3}},"type":"if","locations":[{"start":{"line":47,"column":2},"end":{"line":49,"column":3}},{"start":{},"end":{}}],"line":47},"4":{"loc":{"start":{"line":52,"column":2},"end":{"line":54,"column":3}},"type":"if","locations":[{"start":{"line":52,"column":2},"end":{"line":54,"column":3}},{"start":{},"end":{}}],"line":52},"5":{"loc":{"start":{"line":56,"column":44},"end":{"line":56,"column":63}},"type":"binary-expr","locations":[{"start":{"line":56,"column":44},"end":{"line":56,"column":53}},{"start":{"line":56,"column":57},"end":{"line":56,"column":63}}],"line":56},"6":{"loc":{"start":{"line":77,"column":9},"end":{"line":77,"column":24}},"type":"binary-expr","locations":[{"start":{"line":77,"column":9},"end":{"line":77,"column":16}},{"start":{"line":77,"column":20},"end":{"line":77,"column":24}}],"line":77},"7":{"loc":{"start":{"line":86,"column":4},"end":{"line":89,"column":5}},"type":"if","locations":[{"start":{"line":86,"column":4},"end":{"line":89,"column":5}},{"start":{},"end":{}}],"line":86},"8":{"loc":{"start":{"line":91,"column":2},"end":{"line":93,"column":3}},"type":"if","locations":[{"start":{"line":91,"column":2},"end":{"line":93,"column":3}},{"start":{},"end":{}}],"line":91},"9":{"loc":{"start":{"line":118,"column":2},"end":{"line":118,"column":62}},"type":"if","locations":[{"start":{"line":118,"column":2},"end":{"line":118,"column":62}},{"start":{},"end":{}}],"line":118},"10":{"loc":{"start":{"line":119,"column":2},"end":{"line":119,"column":64}},"type":"if","locations":[{"start":{"line":119,"column":2},"end":{"line":119,"column":64}},{"start":{},"end":{}}],"line":119},"11":{"loc":{"start":{"line":131,"column":16},"end":{"line":131,"column":52}},"type":"cond-expr","locations":[{"start":{"line":131,"column":30},"end":{"line":131,"column":48}},{"start":{"line":131,"column":51},"end":{"line":131,"column":52}}],"line":131},"12":{"loc":{"start":{"line":162,"column":9},"end":{"line":164,"column":77}},"type":"cond-expr","locations":[{"start":{"line":163,"column":6},"end":{"line":163,"column":80}},{"start":{"line":164,"column":6},"end":{"line":164,"column":77}}],"line":162},"13":{"loc":{"start":{"line":206,"column":9},"end":{"line":206,"column":24}},"type":"binary-expr","locations":[{"start":{"line":206,"column":9},"end":{"line":206,"column":16}},{"start":{"line":206,"column":20},"end":{"line":206,"column":24}}],"line":206},"14":{"loc":{"start":{"line":237,"column":11},"end":{"line":237,"column":49}},"type":"binary-expr","locations":[{"start":{"line":237,"column":11},"end":{"line":237,"column":41}},{"start":{"line":237,"column":45},"end":{"line":237,"column":49}}],"line":237},"15":{"loc":{"start":{"line":238,"column":20},"end":{"line":238,"column":55}},"type":"binary-expr","locations":[{"start":{"line":238,"column":20},"end":{"line":238,"column":50}},{"start":{"line":238,"column":54},"end":{"line":238,"column":55}}],"line":238},"16":{"loc":{"start":{"line":245,"column":19},"end":{"line":245,"column":51}},"type":"binary-expr","locations":[{"start":{"line":245,"column":19},"end":{"line":245,"column":32}},{"start":{"line":245,"column":36},"end":{"line":245,"column":51}}],"line":245}},"s":{"0":0,"1":0,"2":0,"3":0,"4":0,"5":0,"6":0,"7":0,"8":0,"9":0,"10":0,"11":0,"12":0,"13":0,"14":0,"15":0,"16":0,"17":0,"18":0,"19":0,"20":0,"21":0,"22":0,"23":0,"24":0,"25":0,"26":0,"27":0,"28":0,"29":0,"30":0,"31":0,"32":0,"33":0,"34":0,"35":0,"36":0,"37":0,"38":0,"39":0,"40":0,"41":0,"42":0,"43":0,"44":0,"45":0,"46":0,"47":0,"48":0,"49":0,"50":0,"51":0,"52":0,"53":0,"54":0,"55":0,"56":0,"57":0,"58":2,"59":2,"60":0,"61":0,"62":0,"63":0,"64":0,"65":0,"66":0,"67":0,"68":0,"69":0,"70":2,"71":2,"72":2,"73":2,"74":2,"75":2},"f":{"0":0,"1":0,"2":0,"3":0,"4":0,"5":0,"6":0,"7":0,"8":0,"9":0,"10":0,"11":0,"12":2,"13":0,"14":0,"15":0,"16":0,"17":0,"18":2,"19":2},"b":{"0":[0,0],"1":[0,0],"2":[0,0],"3":[0,0],"4":[0,0],"5":[0,0],"6":[0,0],"7":[0,0],"8":[0,0],"9":[0,0],"10":[0,0],"11":[0,0],"12":[1,1],"13":[0,0],"14":[2,1],"15":[2,1],"16":[2,1]},"_coverageSchema":"1a1c01bbd47fc00a2c39e90264f33305004495a9","hash":"5d4eb8ac41a79ed58f3dd9da63153695dd9dfe9d"}
,"C:\\coinbitclub-market-bot\\src\\services\\whatsapp.js": {"path":"C:\\coinbitclub-market-bot\\src\\services\\whatsapp.js","statementMap":{"0":{"start":{"line":3,"column":22},"end":{"line":3,"column":85}},"1":{"start":{"line":4,"column":19},"end":{"line":4,"column":71}},"2":{"start":{"line":7,"column":2},"end":{"line":7,"column":68}},"3":{"start":{"line":7,"column":15},"end":{"line":7,"column":68}},"4":{"start":{"line":10,"column":15},"end":{"line":10,"column":40}},"5":{"start":{"line":12,"column":14},"end":{"line":12,"column":97}},"6":{"start":{"line":14,"column":15},"end":{"line":17,"column":3}},"7":{"start":{"line":19,"column":19},"end":{"line":19,"column":46}},"8":{"start":{"line":20,"column":2},"end":{"line":20,"column":14}}},"fnMap":{"0":{"name":"sendWhatsApp","decl":{"start":{"line":6,"column":22},"end":{"line":6,"column":34}},"loc":{"start":{"line":6,"column":53},"end":{"line":21,"column":1}},"line":6}},"branchMap":{"0":{"loc":{"start":{"line":3,"column":22},"end":{"line":3,"column":85}},"type":"binary-expr","locations":[{"start":{"line":3,"column":22},"end":{"line":3,"column":47}},{"start":{"line":3,"column":51},"end":{"line":3,"column":85}}],"line":3},"1":{"loc":{"start":{"line":4,"column":19},"end":{"line":4,"column":71}},"type":"binary-expr","locations":[{"start":{"line":4,"column":19},"end":{"line":4,"column":41}},{"start":{"line":4,"column":45},"end":{"line":4,"column":71}}],"line":4},"2":{"loc":{"start":{"line":7,"column":2},"end":{"line":7,"column":68}},"type":"if","locations":[{"start":{"line":7,"column":2},"end":{"line":7,"column":68}},{"start":{},"end":{}}],"line":7}},"s":{"0":8,"1":8,"2":0,"3":0,"4":0,"5":0,"6":0,"7":0,"8":0},"f":{"0":0},"b":{"0":[8,0],"1":[8,0],"2":[0,0]},"_coverageSchema":"1a1c01bbd47fc00a2c39e90264f33305004495a9","hash":"4ff636cace02e57036e5a218fdf7b8d048741c27"}
,"C:\\coinbitclub-market-bot\\src\\utils\\logger.js": {"path":"C:\\coinbitclub-market-bot\\src\\utils\\logger.js","statementMap":{"0":{"start":{"line":4,"column":14},"end":{"line":5,"column":63}},"1":{"start":{"line":8,"column":15},"end":{"line":11,"column":2}}},"fnMap":{},"branchMap":{"0":{"loc":{"start":{"line":4,"column":14},"end":{"line":5,"column":63}},"type":"binary-expr","locations":[{"start":{"line":4,"column":14},"end":{"line":4,"column":35}},{"start":{"line":5,"column":6},"end":{"line":5,"column":62}}],"line":4},"1":{"loc":{"start":{"line":5,"column":6},"end":{"line":5,"column":62}},"type":"cond-expr","locations":[{"start":{"line":5,"column":46},"end":{"line":5,"column":52}},{"start":{"line":5,"column":55},"end":{"line":5,"column":62}}],"line":5}},"s":{"0":8,"1":8},"f":{},"b":{"0":[8,8],"1":[0,8]},"_coverageSchema":"1a1c01bbd47fc00a2c39e90264f33305004495a9","hash":"77a421835211f1c12e911cfe094413d516ec4f8f"}
}
