TN:
SF:dist\index.js
FNF:0
FNH:0
LF:0
LH:0
BRF:0
BRH:0
end_of_record
TN:
SF:src\database.js
FN:14,getUserByEmail
FN:22,getUserById
FN:32,updateUser
FN:62,cleanExpiredTestUsers
FN:72,cleanOldInactiveUsers
FNF:5
FNH:0
FNDA:0,getUserByEmail
FNDA:0,getUserById
FNDA:0,updateUser
FNDA:0,cleanExpiredTestUsers
FNDA:0,cleanOldInactiveUsers
DA:3,8
DA:6,8
DA:15,0
DA:19,0
DA:23,0
DA:24,0
DA:28,0
DA:29,0
DA:33,0
DA:34,0
DA:35,0
DA:36,0
DA:38,0
DA:39,0
DA:40,0
DA:41,0
DA:42,0
DA:46,0
DA:47,0
DA:50,0
DA:51,0
DA:57,0
DA:58,0
DA:63,0
DA:68,0
DA:73,0
DA:78,0
LF:27
LH:2
BRDA:8,0,0,7
BRDA:8,0,1,1
BRDA:19,1,0,0
BRDA:19,1,1,0
BRDA:29,2,0,0
BRDA:29,2,1,0
BRDA:39,3,0,0
BRDA:39,3,1,0
BRDA:46,4,0,0
BRDA:46,4,1,0
BRF:10
BRH:2
end_of_record
TN:
SF:src\index.js
FN:65,(anonymous_0)
FN:74,(anonymous_1)
FN:91,(anonymous_2)
FN:102,(anonymous_3)
FN:122,(anonymous_4)
FN:124,(anonymous_5)
FN:128,(anonymous_6)
FN:129,(anonymous_7)
FN:130,(anonymous_8)
FN:138,getWebhookToken
FN:145,(anonymous_10)
FN:163,(anonymous_11)
FN:200,(anonymous_12)
FN:207,(anonymous_13)
FN:219,(anonymous_14)
FN:220,(anonymous_15)
FN:220,(anonymous_16)
FN:223,(anonymous_17)
FNF:18
FNH:8
FNDA:0,(anonymous_0)
FNDA:0,(anonymous_1)
FNDA:26,(anonymous_2)
FNDA:0,(anonymous_3)
FNDA:26,(anonymous_4)
FNDA:26,(anonymous_5)
FNDA:4,(anonymous_6)
FNDA:4,(anonymous_7)
FNDA:0,(anonymous_8)
FNDA:17,getWebhookToken
FNDA:9,(anonymous_10)
FNDA:8,(anonymous_11)
FNDA:0,(anonymous_12)
FNDA:0,(anonymous_13)
FNDA:0,(anonymous_14)
FNDA:0,(anonymous_15)
FNDA:0,(anonymous_16)
FNDA:0,(anonymous_17)
DA:14,8
DA:15,8
DA:50,8
DA:51,8
DA:53,8
DA:54,8
DA:55,0
DA:56,0
DA:58,8
DA:59,0
DA:60,0
DA:62,8
DA:63,8
DA:65,8
DA:66,0
DA:67,0
DA:71,8
DA:72,0
DA:73,0
DA:74,0
DA:75,0
DA:80,0
DA:84,8
DA:89,8
DA:91,26
DA:92,8
DA:93,8
DA:95,8
DA:96,8
DA:97,8
DA:99,8
DA:100,8
DA:102,0
DA:103,0
DA:104,0
DA:106,0
DA:107,0
DA:108,0
DA:109,0
DA:110,0
DA:112,0
DA:116,8
DA:117,8
DA:122,8
DA:123,26
DA:124,26
DA:125,26
DA:128,8
DA:129,8
DA:130,8
DA:131,0
DA:132,0
DA:135,8
DA:136,8
DA:139,17
DA:140,6
DA:141,6
DA:142,6
DA:145,8
DA:146,9
DA:147,4
DA:148,5
DA:149,0
DA:150,0
DA:152,5
DA:153,5
DA:154,3
DA:155,3
DA:157,2
DA:158,2
DA:159,0
DA:163,8
DA:164,8
DA:165,3
DA:166,5
DA:167,0
DA:168,0
DA:170,5
DA:171,5
DA:172,3
DA:173,3
DA:175,2
DA:176,2
DA:177,0
DA:182,8
DA:183,8
DA:184,8
DA:185,8
DA:186,8
DA:187,8
DA:188,8
DA:189,8
DA:190,8
DA:191,8
DA:192,8
DA:193,8
DA:194,8
DA:195,8
DA:196,8
DA:197,8
DA:198,8
DA:200,8
DA:201,0
DA:202,0
DA:203,0
DA:206,8
DA:207,0
DA:208,0
DA:209,0
DA:210,0
DA:211,0
DA:212,0
DA:213,0
DA:215,0
DA:216,0
DA:217,0
DA:219,0
DA:220,0
DA:221,0
DA:222,0
DA:224,0
DA:225,0
LF:122
LH:75
BRDA:14,0,0,8
BRDA:14,0,1,8
BRDA:53,1,0,8
BRDA:53,1,1,0
BRDA:54,2,0,0
BRDA:54,2,1,8
BRDA:54,3,0,8
BRDA:54,3,1,0
BRDA:58,4,0,0
BRDA:58,4,1,8
BRDA:63,5,0,8
BRDA:63,5,1,0
BRDA:66,6,0,0
BRDA:66,6,1,0
BRDA:71,7,0,0
BRDA:71,7,1,8
BRDA:71,8,0,8
BRDA:71,8,1,0
BRDA:71,8,2,0
BRDA:99,9,0,8
BRDA:99,9,1,0
BRDA:103,10,0,0
BRDA:103,10,1,0
BRDA:106,11,0,0
BRDA:106,11,1,0
BRDA:108,12,0,0
BRDA:108,12,1,0
BRDA:108,13,0,0
BRDA:108,13,1,0
BRDA:108,13,2,0
BRDA:124,14,0,26
BRDA:124,14,1,0
BRDA:139,15,0,11
BRDA:139,15,1,6
BRDA:141,16,0,0
BRDA:141,16,1,6
BRDA:146,17,0,4
BRDA:146,17,1,5
BRDA:148,18,0,0
BRDA:148,18,1,5
BRDA:148,19,0,5
BRDA:148,19,1,5
BRDA:157,20,0,2
BRDA:157,20,1,0
BRDA:164,21,0,3
BRDA:164,21,1,5
BRDA:166,22,0,0
BRDA:166,22,1,5
BRDA:166,23,0,5
BRDA:166,23,1,5
BRDA:175,24,0,2
BRDA:175,24,1,0
BRDA:201,25,0,0
BRDA:201,25,1,0
BRDA:202,26,0,0
BRDA:202,26,1,0
BRDA:202,27,0,0
BRDA:202,27,1,0
BRDA:206,28,0,0
BRDA:206,28,1,8
BRDA:224,29,0,0
BRDA:224,29,1,0
BRF:62
BRH:27
end_of_record
TN:
SF:src\parseDominance.js
FN:1,parseDominance
FNF:1
FNH:0
FNDA:0,parseDominance
DA:2,0
LF:1
LH:0
BRF:0
BRH:0
end_of_record
TN:
SF:src\parseFearGreed.js
FN:5,parseFearGreed
FNF:1
FNH:0
FNDA:0,parseFearGreed
DA:6,0
DA:7,0
DA:8,0
DA:10,0
LF:4
LH:0
BRDA:7,0,0,0
BRDA:7,0,1,0
BRDA:7,1,0,0
BRDA:7,1,1,0
BRDA:7,1,2,0
BRF:5
BRH:0
end_of_record
TN:
SF:src\parseMarket.js
FN:5,parseMarket
FNF:1
FNH:0
FNDA:0,parseMarket
DA:6,0
DA:7,0
DA:8,0
DA:10,0
LF:4
LH:0
BRDA:7,0,0,0
BRDA:7,0,1,0
BRDA:7,1,0,0
BRDA:7,1,1,0
BRDA:7,1,2,0
BRF:5
BRH:0
end_of_record
TN:
SF:src\controllers\planController.js
FN:3,getPlans
FN:8,addPlan
FN:13,removePlan
FNF:3
FNH:0
FNDA:0,getPlans
FNDA:0,addPlan
FNDA:0,removePlan
DA:4,0
DA:5,0
DA:9,0
DA:10,0
DA:14,0
DA:15,0
LF:6
LH:0
BRF:0
BRH:0
end_of_record
TN:
SF:src\controllers\subscriptionController.js
FN:3,createSubscription
FNF:1
FNH:0
FNDA:0,createSubscription
DA:4,0
DA:5,0
DA:6,0
DA:10,0
DA:12,0
DA:13,0
LF:6
LH:0
BRF:0
BRH:0
end_of_record
TN:
SF:src\middleware\auth.js
FN:15,jwtMiddleware
FN:42,isUser
FN:61,isAdmin
FNF:3
FNH:0
FNDA:0,jwtMiddleware
FNDA:0,isUser
FNDA:0,isAdmin
DA:5,8
DA:7,8
DA:8,0
DA:9,0
DA:16,0
DA:17,0
DA:20,0
DA:21,0
DA:22,0
DA:23,0
DA:24,0
DA:26,0
DA:31,0
DA:32,0
DA:36,0
DA:43,0
DA:44,0
DA:45,0
DA:48,0
DA:49,0
DA:50,0
DA:51,0
DA:52,0
DA:54,0
DA:62,0
DA:63,0
DA:64,0
DA:67,0
DA:69,0
DA:70,0
DA:72,0
DA:76,0
DA:77,0
DA:78,0
DA:79,0
DA:80,0
DA:84,0
DA:85,0
DA:86,0
DA:87,0
DA:89,0
DA:90,0
DA:92,0
DA:93,0
DA:97,8
LF:45
LH:3
BRDA:7,0,0,0
BRDA:7,0,1,8
BRDA:16,1,0,0
BRDA:16,1,1,0
BRDA:20,2,0,0
BRDA:20,2,1,0
BRDA:31,3,0,0
BRDA:31,3,1,0
BRDA:31,4,0,0
BRDA:31,4,1,0
BRDA:44,5,0,0
BRDA:44,5,1,0
BRDA:63,6,0,0
BRDA:63,6,1,0
BRDA:78,7,0,0
BRDA:78,7,1,0
BRDA:78,8,0,0
BRDA:78,8,1,0
BRDA:86,9,0,0
BRDA:86,9,1,0
BRF:20
BRH:1
end_of_record
TN:
SF:src\middleware\validatePayload.js
FN:4,(anonymous_0)
FN:4,(anonymous_1)
FNF:2
FNH:2
FNDA:96,(anonymous_0)
FNDA:1,(anonymous_1)
DA:4,96
DA:5,1
DA:6,1
DA:7,1
DA:9,0
LF:5
LH:4
BRDA:6,0,0,1
BRDA:6,0,1,0
BRF:2
BRH:1
end_of_record
TN:
SF:src\routes\admin.js
FN:7,(anonymous_0)
FN:17,(anonymous_1)
FN:25,(anonymous_2)
FN:33,(anonymous_3)
FN:43,(anonymous_4)
FN:51,(anonymous_5)
FN:59,(anonymous_6)
FN:67,(anonymous_7)
FN:75,(anonymous_8)
FN:84,(anonymous_9)
FN:93,(anonymous_10)
FNF:11
FNH:0
FNDA:0,(anonymous_0)
FNDA:0,(anonymous_1)
FNDA:0,(anonymous_2)
FNDA:0,(anonymous_3)
FNDA:0,(anonymous_4)
FNDA:0,(anonymous_5)
FNDA:0,(anonymous_6)
FNDA:0,(anonymous_7)
FNDA:0,(anonymous_8)
FNDA:0,(anonymous_9)
FNDA:0,(anonymous_10)
DA:4,8
DA:7,8
DA:8,0
DA:9,0
DA:10,0
DA:11,0
DA:12,0
DA:13,0
DA:17,8
DA:18,0
DA:19,0
DA:20,0
DA:21,0
DA:25,8
DA:26,0
DA:27,0
DA:28,0
DA:29,0
DA:33,8
DA:34,0
DA:35,0
DA:36,0
DA:37,0
DA:38,0
DA:39,0
DA:43,8
DA:44,0
DA:45,0
DA:46,0
DA:47,0
DA:51,8
DA:52,0
DA:53,0
DA:54,0
DA:55,0
DA:59,8
DA:60,0
DA:61,0
DA:62,0
DA:63,0
DA:67,8
DA:68,0
DA:69,0
DA:70,0
DA:71,0
DA:75,8
DA:76,0
DA:77,0
DA:78,0
DA:79,0
DA:80,0
DA:84,8
DA:85,0
DA:86,0
DA:87,0
DA:88,0
DA:89,0
DA:93,8
DA:94,0
DA:95,0
DA:96,0
DA:97,0
DA:98,0
LF:63
LH:12
BRDA:10,0,0,0
BRDA:10,0,1,0
BRDA:36,1,0,0
BRDA:36,1,1,0
BRDA:78,2,0,0
BRDA:78,2,1,0
BRDA:87,3,0,0
BRDA:87,3,1,0
BRDA:96,4,0,0
BRDA:96,4,1,0
BRF:10
BRH:0
end_of_record
TN:
SF:src\routes\affiliate.js
FN:16,(anonymous_0)
FN:40,(anonymous_1)
FN:53,(anonymous_2)
FN:66,(anonymous_3)
FN:79,(anonymous_4)
FN:95,(anonymous_5)
FN:117,(anonymous_6)
FN:139,(anonymous_7)
FN:155,(anonymous_8)
FN:171,(anonymous_9)
FN:195,(anonymous_10)
FNF:11
FNH:0
FNDA:0,(anonymous_0)
FNDA:0,(anonymous_1)
FNDA:0,(anonymous_2)
FNDA:0,(anonymous_3)
FNDA:0,(anonymous_4)
FNDA:0,(anonymous_5)
FNDA:0,(anonymous_6)
FNDA:0,(anonymous_7)
FNDA:0,(anonymous_8)
FNDA:0,(anonymous_9)
FNDA:0,(anonymous_10)
DA:8,8
DA:11,8
DA:14,8
DA:17,0
DA:18,0
DA:19,0
DA:21,0
DA:27,8
DA:41,0
DA:42,0
DA:43,0
DA:45,0
DA:51,8
DA:54,0
DA:55,0
DA:56,0
DA:58,0
DA:64,8
DA:67,0
DA:68,0
DA:69,0
DA:71,0
DA:77,8
DA:80,0
DA:81,0
DA:82,0
DA:84,0
DA:90,8
DA:93,8
DA:96,0
DA:97,0
DA:98,0
DA:100,0
DA:106,8
DA:118,0
DA:119,0
DA:120,0
DA:122,0
DA:128,8
DA:140,0
DA:141,0
DA:142,0
DA:144,0
DA:150,8
DA:156,0
DA:157,0
DA:158,0
DA:160,0
DA:166,8
DA:172,0
DA:173,0
DA:174,0
DA:176,0
DA:182,8
DA:196,0
DA:197,0
DA:204,0
DA:206,0
LF:58
LH:14
BRF:0
BRH:0
end_of_record
TN:
SF:src\routes\ai.js
FNF:0
FNH:0
DA:12,8
DA:18,8
DA:24,8
DA:30,8
DA:36,8
DA:42,8
DA:48,8
DA:54,8
LF:8
LH:8
BRF:0
BRH:0
end_of_record
TN:
SF:src\routes\auth.js
FN:20,(anonymous_0)
FN:38,(anonymous_1)
FN:51,(anonymous_2)
FNF:3
FNH:0
FNDA:0,(anonymous_0)
FNDA:0,(anonymous_1)
FNDA:0,(anonymous_2)
DA:10,8
DA:12,8
DA:17,8
DA:21,0
DA:23,0
DA:28,0
DA:30,0
DA:31,0
DA:33,0
DA:34,0
DA:38,8
DA:39,0
DA:40,0
DA:41,0
DA:42,0
DA:43,0
DA:44,0
DA:45,0
DA:47,0
DA:51,8
DA:52,0
DA:53,0
LF:22
LH:5
BRDA:28,0,0,0
BRDA:28,0,1,0
BRDA:31,1,0,0
BRDA:31,1,1,0
BRDA:42,2,0,0
BRDA:42,2,1,0
BRF:6
BRH:0
end_of_record
TN:
SF:src\routes\balances.js
FN:4,(anonymous_0)
FN:5,(anonymous_1)
FNF:2
FNH:0
FNDA:0,(anonymous_0)
FNDA:0,(anonymous_1)
DA:3,8
DA:4,8
DA:5,8
LF:3
LH:3
BRF:0
BRH:0
end_of_record
TN:
SF:src\routes\dashboard.js
FN:19,(anonymous_0)
FN:37,(anonymous_1)
FN:52,(anonymous_2)
FN:66,(anonymous_3)
FN:78,(anonymous_4)
FN:89,(anonymous_5)
FN:100,(anonymous_6)
FN:110,(anonymous_7)
FN:120,(anonymous_8)
FN:131,(anonymous_9)
FN:147,(anonymous_10)
FN:162,(anonymous_11)
FN:180,(anonymous_12)
FNF:13
FNH:0
FNDA:0,(anonymous_0)
FNDA:0,(anonymous_1)
FNDA:0,(anonymous_2)
FNDA:0,(anonymous_3)
FNDA:0,(anonymous_4)
FNDA:0,(anonymous_5)
FNDA:0,(anonymous_6)
FNDA:0,(anonymous_7)
FNDA:0,(anonymous_8)
FNDA:0,(anonymous_9)
FNDA:0,(anonymous_10)
FNDA:0,(anonymous_11)
FNDA:0,(anonymous_12)
DA:16,8
DA:19,8
DA:20,0
DA:21,0
DA:22,0
DA:23,0
DA:24,0
DA:27,0
DA:28,0
DA:29,0
DA:30,0
DA:32,0
DA:37,8
DA:38,0
DA:39,0
DA:45,0
DA:47,0
DA:52,8
DA:53,0
DA:54,0
DA:59,0
DA:61,0
DA:66,8
DA:67,0
DA:68,0
DA:71,0
DA:73,0
DA:78,8
DA:79,0
DA:80,0
DA:81,0
DA:82,0
DA:84,0
DA:89,8
DA:90,0
DA:91,0
DA:92,0
DA:93,0
DA:95,0
DA:100,8
DA:101,0
DA:102,0
DA:103,0
DA:105,0
DA:110,8
DA:111,0
DA:112,0
DA:113,0
DA:115,0
DA:120,8
DA:121,0
DA:122,0
DA:123,0
DA:124,0
DA:126,0
DA:131,8
DA:132,0
DA:133,0
DA:134,0
DA:140,0
DA:142,0
DA:147,8
DA:148,0
DA:149,0
DA:150,0
DA:155,0
DA:157,0
DA:162,8
DA:163,0
DA:164,0
DA:165,0
DA:166,0
DA:167,0
DA:168,0
DA:175,0
DA:180,8
LF:76
LH:14
BRDA:23,0,0,0
BRDA:23,0,1,0
BRDA:24,1,0,0
BRDA:24,1,1,0
BRDA:81,2,0,0
BRDA:81,2,1,0
BRDA:92,3,0,0
BRDA:92,3,1,0
BRF:8
BRH:0
end_of_record
TN:
SF:src\routes\dominance.js
FN:12,(anonymous_0)
FNF:1
FNH:0
FNDA:0,(anonymous_0)
DA:6,8
DA:12,8
DA:13,0
DA:15,0
DA:18,0
DA:23,0
DA:25,0
LF:7
LH:2
BRF:0
BRH:0
end_of_record
TN:
SF:src\routes\fearGreed.js
FN:7,(anonymous_0)
FNF:1
FNH:0
FNDA:0,(anonymous_0)
DA:5,8
DA:7,8
DA:8,0
DA:9,0
DA:10,0
DA:11,0
DA:13,0
LF:7
LH:2
BRF:0
BRH:0
end_of_record
TN:
SF:src\routes\fetch.js
FN:8,(anonymous_0)
FN:28,(anonymous_1)
FN:49,(anonymous_2)
FN:68,(anonymous_3)
FNF:4
FNH:0
FNDA:0,(anonymous_0)
FNDA:0,(anonymous_1)
FNDA:0,(anonymous_2)
FNDA:0,(anonymous_3)
DA:5,8
DA:8,8
DA:9,0
DA:10,0
DA:21,0
DA:23,0
DA:28,8
DA:29,0
DA:30,0
DA:41,0
DA:42,0
DA:44,0
DA:49,8
DA:50,0
DA:51,0
DA:60,0
DA:61,0
DA:63,0
DA:68,8
DA:69,0
DA:70,0
DA:80,0
DA:81,0
DA:83,0
LF:24
LH:5
BRDA:41,0,0,0
BRDA:41,0,1,0
BRDA:60,1,0,0
BRDA:60,1,1,0
BRDA:80,2,0,0
BRDA:80,2,1,0
BRF:6
BRH:0
end_of_record
TN:
SF:src\routes\integrations.js
FN:7,(anonymous_0)
FN:15,(anonymous_1)
FNF:2
FNH:0
FNDA:0,(anonymous_0)
FNDA:0,(anonymous_1)
DA:4,8
DA:7,8
DA:8,0
DA:9,0
DA:10,0
DA:11,0
DA:15,8
DA:16,0
DA:17,0
DA:18,0
DA:19,0
LF:11
LH:3
BRF:0
BRH:0
end_of_record
TN:
SF:src\routes\market.js
FN:7,(anonymous_0)
FNF:1
FNH:0
FNDA:0,(anonymous_0)
DA:5,8
DA:7,8
DA:8,0
DA:9,0
DA:10,0
DA:11,0
DA:13,0
LF:7
LH:2
BRF:0
BRH:0
end_of_record
TN:
SF:src\routes\notifications.js
FN:7,(anonymous_0)
FN:15,(anonymous_1)
FNF:2
FNH:0
FNDA:0,(anonymous_0)
FNDA:0,(anonymous_1)
DA:4,8
DA:7,8
DA:8,0
DA:9,0
DA:10,0
DA:11,0
DA:15,8
DA:16,0
DA:17,0
DA:18,0
DA:19,0
DA:20,0
LF:12
LH:3
BRF:0
BRH:0
end_of_record
TN:
SF:src\routes\planRoutes.js
FNF:0
FNH:0
DA:4,8
DA:6,8
DA:7,8
DA:8,8
LF:4
LH:4
BRF:0
BRH:0
end_of_record
TN:
SF:src\routes\stripeRoutes.js
FN:11,(anonymous_0)
FN:48,stripeWebhookHandler
FNF:2
FNH:0
FNDA:0,(anonymous_0)
FNDA:0,stripeWebhookHandler
DA:6,8
DA:7,8
DA:11,8
DA:12,0
DA:13,0
DA:14,0
DA:15,0
DA:17,0
DA:21,0
DA:22,0
DA:23,0
DA:25,0
DA:29,0
DA:31,0
DA:40,0
DA:42,0
DA:43,0
DA:49,0
DA:51,0
DA:52,0
DA:58,0
DA:59,0
DA:62,0
DA:64,0
DA:66,0
DA:68,0
DA:71,0
LF:27
LH:3
BRDA:14,0,0,0
BRDA:14,0,1,0
BRDA:14,1,0,0
BRDA:14,1,1,0
BRDA:21,2,0,0
BRDA:21,2,1,0
BRDA:29,3,0,0
BRDA:29,3,1,0
BRDA:62,4,0,0
BRDA:62,4,1,0
BRF:10
BRH:0
end_of_record
TN:
SF:src\routes\subscriptionRoutes.js
FNF:0
FNH:0
DA:5,8
DA:7,8
LF:2
LH:2
BRF:0
BRH:0
end_of_record
TN:
SF:src\routes\trading.js
FN:6,(anonymous_0)
FNF:1
FNH:0
FNDA:0,(anonymous_0)
DA:4,8
DA:6,8
DA:7,0
DA:8,0
DA:9,0
DA:10,0
DA:11,0
DA:12,0
LF:8
LH:2
BRF:0
BRH:0
end_of_record
TN:
SF:src\routes\user.js
FN:34,(anonymous_0)
FN:48,(anonymous_1)
FN:64,(anonymous_2)
FN:78,(anonymous_3)
FN:88,(anonymous_4)
FN:110,(anonymous_5)
FN:121,(anonymous_6)
FN:131,(anonymous_7)
FN:141,(anonymous_8)
FN:156,(anonymous_9)
FNF:10
FNH:0
FNDA:0,(anonymous_0)
FNDA:0,(anonymous_1)
FNDA:0,(anonymous_2)
FNDA:0,(anonymous_3)
FNDA:0,(anonymous_4)
FNDA:0,(anonymous_5)
FNDA:0,(anonymous_6)
FNDA:0,(anonymous_7)
FNDA:0,(anonymous_8)
FNDA:0,(anonymous_9)
DA:8,8
DA:11,8
DA:23,8
DA:31,8
DA:35,0
DA:36,0
DA:37,0
DA:39,0
DA:45,8
DA:49,0
DA:50,0
DA:51,0
DA:53,0
DA:59,8
DA:65,0
DA:66,0
DA:67,0
DA:69,0
DA:75,8
DA:78,8
DA:79,0
DA:80,0
DA:81,0
DA:83,0
DA:88,8
DA:89,0
DA:90,0
DA:91,0
DA:93,0
DA:98,8
DA:111,0
DA:112,0
DA:113,0
DA:115,0
DA:121,8
DA:122,0
DA:123,0
DA:124,0
DA:126,0
DA:131,8
DA:132,0
DA:133,0
DA:134,0
DA:136,0
DA:141,8
DA:142,0
DA:143,0
DA:144,0
DA:146,0
DA:151,8
DA:157,0
DA:158,0
DA:159,0
DA:161,0
LF:54
LH:14
BRDA:51,0,0,0
BRDA:51,0,1,0
BRF:2
BRH:0
end_of_record
TN:
SF:src\services\adminService.js
FN:7,jwtMiddleware
FN:23,loginAdmin
FN:29,getKpis
FN:43,getUsers
FN:49,resetUserPassword
FN:57,deleteUser
FN:63,getSubscriptions
FN:69,getLogs
FN:75,(anonymous_8)
FN:80,getUserFinance
FN:88,pauseAllBots
FN:100,reactivateAllBots
FN:112,closeAllOpenTrades
FNF:13
FNH:0
FNDA:0,jwtMiddleware
FNDA:0,loginAdmin
FNDA:0,getKpis
FNDA:0,getUsers
FNDA:0,resetUserPassword
FNDA:0,deleteUser
FNDA:0,getSubscriptions
FNDA:0,getLogs
FNDA:0,(anonymous_8)
FNDA:0,getUserFinance
FNDA:0,pauseAllBots
FNDA:0,reactivateAllBots
FNDA:0,closeAllOpenTrades
DA:8,0
DA:9,0
DA:10,0
DA:11,0
DA:12,0
DA:13,0
DA:15,0
DA:16,0
DA:18,0
DA:24,0
DA:25,0
DA:30,0
DA:31,0
DA:32,0
DA:33,0
DA:34,0
DA:44,0
DA:45,0
DA:50,0
DA:51,0
DA:52,0
DA:53,0
DA:58,0
DA:59,0
DA:64,0
DA:65,0
DA:70,0
DA:71,0
DA:72,0
DA:73,0
DA:74,0
DA:75,0
DA:76,0
DA:81,0
DA:82,0
DA:89,0
DA:92,0
DA:101,0
DA:104,0
DA:113,0
DA:116,0
DA:118,0
DA:119,0
DA:121,0
DA:125,0
DA:127,0
DA:128,0
DA:136,0
DA:137,0
DA:147,0
DA:151,0
DA:156,0
DA:158,0
DA:165,0
LF:54
LH:0
BRDA:8,0,0,0
BRDA:8,0,1,0
BRDA:10,1,0,0
BRDA:10,1,1,0
BRDA:15,2,0,0
BRDA:15,2,1,0
BRDA:32,3,0,0
BRDA:32,3,1,0
BRDA:33,4,0,0
BRDA:33,4,1,0
BRDA:88,5,0,0
BRDA:100,6,0,0
BRDA:112,7,0,0
BRDA:127,8,0,0
BRDA:127,8,1,0
BRDA:136,9,0,0
BRDA:136,9,1,0
BRF:17
BRH:0
end_of_record
TN:
SF:src\services\affiliateService.js
FN:7,getAffiliateProfile
FN:14,updateAffiliateProfile
FN:30,getAffiliateExtract
FN:38,getReferralLink
FN:47,getAffiliateIndications
FN:59,listAffiliates
FN:64,createAffiliate
FN:75,updateAffiliate
FN:91,deleteAffiliate
FN:95,adminGetAffiliateExtract
FN:103,addAffiliateExtract
FN:112,adminMarkAsPaid
FNF:12
FNH:0
FNDA:0,getAffiliateProfile
FNDA:0,updateAffiliateProfile
FNDA:0,getAffiliateExtract
FNDA:0,getReferralLink
FNDA:0,getAffiliateIndications
FNDA:0,listAffiliates
FNDA:0,createAffiliate
FNDA:0,updateAffiliate
FNDA:0,deleteAffiliate
FNDA:0,adminGetAffiliateExtract
FNDA:0,addAffiliateExtract
FNDA:0,adminMarkAsPaid
DA:8,0
DA:11,0
DA:16,0
DA:17,0
DA:18,0
DA:19,0
DA:20,0
DA:21,0
DA:22,0
DA:24,0
DA:25,0
DA:32,0
DA:35,0
DA:40,0
DA:44,0
DA:49,0
DA:52,0
DA:60,0
DA:61,0
DA:66,0
DA:67,0
DA:72,0
DA:77,0
DA:78,0
DA:79,0
DA:80,0
DA:81,0
DA:82,0
DA:83,0
DA:85,0
DA:86,0
DA:92,0
DA:97,0
DA:100,0
DA:105,0
DA:114,0
LF:36
LH:0
BRDA:44,0,0,0
BRDA:44,0,1,0
BRDA:112,1,0,0
BRF:3
BRH:0
end_of_record
TN:
SF:src\services\aiService.js
FN:6,orderDecision
FN:47,monitorPosition
FN:73,rationale
FN:90,signalProbability
FN:109,overtradingCheck
FN:128,antifraudCheck
FN:147,logsResolver
FN:165,safeParseJson
FNF:8
FNH:0
FNDA:0,orderDecision
FNDA:0,monitorPosition
FNDA:0,rationale
FNDA:0,signalProbability
FNDA:0,overtradingCheck
FNDA:0,antifraudCheck
FNDA:0,logsResolver
FNDA:0,safeParseJson
DA:7,0
DA:8,0
DA:9,0
DA:10,0
DA:13,0
DA:38,0
DA:39,0
DA:40,0
DA:42,0
DA:48,0
DA:49,0
DA:50,0
DA:64,0
DA:65,0
DA:66,0
DA:68,0
DA:74,0
DA:75,0
DA:76,0
DA:81,0
DA:82,0
DA:83,0
DA:85,0
DA:91,0
DA:92,0
DA:93,0
DA:100,0
DA:101,0
DA:102,0
DA:104,0
DA:110,0
DA:111,0
DA:112,0
DA:119,0
DA:120,0
DA:121,0
DA:123,0
DA:129,0
DA:130,0
DA:131,0
DA:138,0
DA:139,0
DA:140,0
DA:142,0
DA:148,0
DA:149,0
DA:150,0
DA:156,0
DA:157,0
DA:158,0
DA:160,0
DA:166,0
DA:167,0
LF:53
LH:0
BRDA:10,0,0,0
BRDA:10,0,1,0
BRDA:15,1,0,0
BRDA:15,1,1,0
BRDA:17,2,0,0
BRDA:17,2,1,0
BRDA:18,3,0,0
BRDA:18,3,1,0
BRF:8
BRH:0
end_of_record
TN:
SF:src\services\binanceAdapter.js
FN:5,sign
FN:9,getBinanceClient
FN:19,placeBinanceOrder
FNF:3
FNH:0
FNDA:0,sign
FNDA:0,getBinanceClient
FNDA:0,placeBinanceOrder
DA:6,0
DA:10,0
DA:13,0
DA:20,0
DA:21,0
DA:22,0
DA:23,0
DA:25,0
DA:26,0
DA:31,0
DA:32,0
LF:11
LH:0
BRDA:10,0,0,0
BRDA:10,0,1,0
BRDA:11,1,0,0
BRDA:11,1,1,0
BRDA:12,2,0,0
BRDA:12,2,1,0
BRDA:31,3,0,0
BRDA:31,3,1,0
BRDA:31,4,0,0
BRDA:31,4,1,0
BRF:10
BRH:0
end_of_record
TN:
SF:src\services\binanceService.js
FN:8,signBinanceRequest
FN:9,(anonymous_1)
FN:14,closeBinanceOrder
FN:30,(anonymous_3)
FNF:4
FNH:0
FNDA:0,signBinanceRequest
FNDA:0,(anonymous_1)
FNDA:0,closeBinanceOrder
FNDA:0,(anonymous_3)
DA:4,8
DA:5,8
DA:9,0
DA:10,0
DA:15,0
DA:16,0
DA:17,0
DA:20,0
DA:28,0
DA:30,0
DA:32,0
DA:33,0
DA:42,0
DA:44,0
LF:14
LH:2
BRDA:8,0,0,0
BRDA:14,1,0,0
BRDA:15,2,0,0
BRDA:15,2,1,0
BRDA:16,3,0,0
BRDA:16,3,1,0
BRDA:44,4,0,0
BRDA:44,4,1,0
BRF:8
BRH:0
end_of_record
TN:
SF:src\services\bybitAdapter.js
FN:6,signBybit
FN:7,(anonymous_1)
FN:19,placeBybitOrder
FNF:3
FNH:0
FNDA:0,signBybit
FNDA:0,(anonymous_1)
FNDA:0,placeBybitOrder
DA:7,0
DA:8,0
DA:11,8
DA:20,0
DA:21,0
DA:22,0
DA:30,0
DA:31,0
DA:33,0
DA:38,0
DA:39,0
LF:11
LH:1
BRDA:20,0,0,0
BRDA:20,0,1,0
BRDA:38,1,0,0
BRDA:38,1,1,0
BRF:4
BRH:0
end_of_record
TN:
SF:src\services\bybitService.js
FN:8,signBybitRequest
FN:10,(anonymous_1)
FN:15,closeBybitOrder
FNF:3
FNH:0
FNDA:0,signBybitRequest
FNDA:0,(anonymous_1)
FNDA:0,closeBybitOrder
DA:4,8
DA:5,8
DA:10,0
DA:11,0
DA:16,0
DA:17,0
DA:18,0
DA:19,0
DA:33,0
DA:35,0
DA:36,0
DA:45,0
DA:47,0
LF:13
LH:2
BRDA:8,0,0,0
BRDA:16,1,0,0
BRDA:16,1,1,0
BRDA:17,2,0,0
BRDA:17,2,1,0
BRDA:47,3,0,0
BRDA:47,3,1,0
BRF:7
BRH:0
end_of_record
TN:
SF:src\services\coinstatsService.js
FN:7,fetchMetrics
FN:19,fetchFearGreed
FN:30,fetchDominance
FNF:3
FNH:3
FNDA:1,fetchMetrics
FNDA:1,fetchFearGreed
FNDA:1,fetchDominance
DA:3,8
DA:4,8
DA:5,8
DA:8,1
DA:12,1
DA:13,1
DA:20,1
DA:23,1
DA:24,1
DA:31,1
DA:34,1
DA:35,1
LF:12
LH:12
BRDA:12,0,0,1
BRDA:12,0,1,0
BRDA:14,1,0,1
BRDA:14,1,1,0
BRDA:15,2,0,1
BRDA:15,2,1,0
BRDA:23,3,0,1
BRDA:23,3,1,0
BRDA:34,4,0,1
BRDA:34,4,1,0
BRF:10
BRH:5
end_of_record
TN:
SF:src\services\databaseService.js
FN:10,(anonymous_0)
FN:17,insertSignal
FN:33,insertDominance
FN:49,insertFearGreed
FN:65,insertMarket
FN:82,getBybitCredentials
FN:99,getBinanceCredentials
FNF:7
FNH:0
FNDA:0,(anonymous_0)
FNDA:0,insertSignal
FNDA:0,insertDominance
FNDA:0,insertFearGreed
FNDA:0,insertMarket
FNDA:0,getBybitCredentials
FNDA:0,getBinanceCredentials
DA:10,8
DA:18,0
DA:23,0
DA:24,0
DA:25,0
DA:34,0
DA:39,0
DA:40,0
DA:41,0
DA:50,0
DA:55,0
DA:56,0
DA:57,0
DA:66,0
DA:71,0
DA:72,0
DA:73,0
DA:83,0
DA:89,0
DA:90,0
DA:100,0
DA:106,0
DA:107,0
LF:23
LH:1
BRDA:82,0,0,0
BRDA:90,1,0,0
BRDA:90,1,1,0
BRDA:99,2,0,0
BRDA:107,3,0,0
BRDA:107,3,1,0
BRF:6
BRH:0
end_of_record
TN:
SF:src\services\db.js
FN:14,getUserByEmail
FN:22,getUserById
FN:30,updateUser
FN:60,addUserMessage
FN:69,cleanExpiredTestUsers
FN:78,cleanOldInactiveUsers
FNF:6
FNH:0
FNDA:0,getUserByEmail
FNDA:0,getUserById
FNDA:0,updateUser
FNDA:0,addUserMessage
FNDA:0,cleanExpiredTestUsers
FNDA:0,cleanOldInactiveUsers
DA:3,9
DA:6,9
DA:15,0
DA:19,0
DA:23,0
DA:27,0
DA:31,0
DA:32,0
DA:33,0
DA:34,0
DA:36,0
DA:37,0
DA:38,0
DA:39,0
DA:40,0
DA:44,0
DA:45,0
DA:48,0
DA:49,0
DA:55,0
DA:56,0
DA:61,0
DA:70,0
DA:79,0
LF:24
LH:2
BRDA:8,0,0,8
BRDA:8,0,1,1
BRDA:19,1,0,0
BRDA:19,1,1,0
BRDA:27,2,0,0
BRDA:27,2,1,0
BRDA:37,3,0,0
BRDA:37,3,1,0
BRDA:44,4,0,0
BRDA:44,4,1,0
BRF:10
BRH:2
end_of_record
TN:
SF:src\services\dbMigrations.js
FN:5,ensureSignalsTable
FN:39,ensureCointarsTable
FN:56,ensurePositionsTable
FN:99,ensureIndicatorsTable
FNF:4
FNH:0
FNDA:0,ensureSignalsTable
FNDA:0,ensureCointarsTable
FNDA:0,ensurePositionsTable
FNDA:0,ensureIndicatorsTable
DA:7,0
DA:14,0
DA:23,0
DA:41,0
DA:48,0
DA:58,0
DA:65,0
DA:79,0
DA:101,0
DA:108,0
LF:10
LH:0
BRF:0
BRH:0
end_of_record
TN:
SF:src\services\exchangeService.js
FN:10,createBybitClientForUser
FNF:1
FNH:0
FNDA:0,createBybitClientForUser
DA:11,0
DA:14,0
LF:2
LH:0
BRF:0
BRH:0
end_of_record
TN:
SF:src\services\fearGreedService.js
FN:4,saveFearGreed
FNF:1
FNH:0
FNDA:0,saveFearGreed
DA:5,0
LF:1
LH:0
BRF:0
BRH:0
end_of_record
TN:
SF:src\services\integrationService.js
FN:4,getIntegrations
FN:10,addIntegration
FNF:2
FNH:0
FNDA:0,getIntegrations
FNDA:0,addIntegration
DA:5,0
DA:6,0
DA:11,0
DA:15,0
LF:4
LH:0
BRF:0
BRH:0
end_of_record
TN:
SF:src\services\logService.js
FN:1,logAiAction
FNF:1
FNH:0
FNDA:0,logAiAction
DA:2,0
LF:1
LH:0
BRF:0
BRH:0
end_of_record
TN:
SF:src\services\marketService.js
FN:8,getMarketHistory
FN:19,fetchKlines
FN:23,(anonymous_2)
FN:35,saveMarketPrice
FNF:4
FNH:0
FNDA:0,getMarketHistory
FNDA:0,fetchKlines
FNDA:0,(anonymous_2)
FNDA:0,saveMarketPrice
DA:9,0
DA:12,0
DA:20,0
DA:23,0
DA:36,0
LF:5
LH:0
BRDA:19,0,0,0
BRDA:19,1,0,0
BRF:2
BRH:0
end_of_record
TN:
SF:src\services\notificationService.js
FN:4,sendNotification
FN:15,getUserNotifications
FNF:2
FNH:0
FNDA:0,sendNotification
FNDA:0,getUserNotifications
DA:6,0
DA:11,0
DA:16,0
DA:19,0
LF:4
LH:0
BRDA:4,0,0,0
BRF:1
BRH:0
end_of_record
TN:
SF:src\services\openaiConnector.js
FN:7,callOpenAI
FNF:1
FNH:0
FNDA:0,callOpenAI
DA:3,8
DA:8,0
DA:9,0
DA:14,0
DA:16,0
DA:17,0
LF:6
LH:1
BRF:0
BRH:0
end_of_record
TN:
SF:src\services\orderManager.js
FN:9,sendOrder
FN:39,monitorUserPositions
FNF:2
FNH:0
FNDA:0,sendOrder
FNDA:0,monitorUserPositions
DA:10,0
DA:11,0
DA:12,0
DA:13,0
DA:21,0
DA:22,0
DA:23,0
DA:24,0
DA:32,0
DA:41,0
LF:10
LH:0
BRDA:10,0,0,0
BRDA:10,0,1,0
BRDA:12,1,0,0
BRDA:12,1,1,0
BRDA:21,2,0,0
BRDA:21,2,1,0
BRDA:23,3,0,0
BRDA:23,3,1,0
BRDA:41,4,0,0
BRDA:41,4,1,0
BRF:10
BRH:0
end_of_record
TN:
SF:src\services\parseDominance.js
FN:7,parseDominance
FNF:1
FNH:1
FNDA:5,parseDominance
DA:8,5
DA:9,5
DA:12,2
DA:14,3
DA:15,3
DA:16,3
DA:17,0
DA:19,3
LF:8
LH:7
BRDA:9,0,0,2
BRDA:9,0,1,3
BRDA:9,1,0,5
BRDA:9,1,1,3
BRDA:9,1,2,5
BRDA:9,1,3,5
BRDA:14,2,0,0
BRDA:14,2,1,3
BRDA:15,3,0,0
BRDA:15,3,1,3
BRDA:16,4,0,0
BRDA:16,4,1,3
BRDA:16,5,0,3
BRDA:16,5,1,3
BRF:14
BRH:11
end_of_record
TN:
SF:src\services\parseSignal.js
FN:7,parseSignal
FNF:1
FNH:1
FNDA:8,parseSignal
DA:8,8
DA:9,8
DA:13,1
DA:15,7
DA:16,7
DA:17,3
DA:19,4
LF:7
LH:7
BRDA:9,0,0,1
BRDA:9,0,1,7
BRDA:9,1,0,8
BRDA:9,1,1,7
BRDA:9,1,2,3
BRDA:9,1,3,7
BRDA:15,2,0,4
BRDA:15,2,1,3
BRDA:16,3,0,3
BRDA:16,3,1,4
BRF:10
BRH:10
end_of_record
TN:
SF:src\services\planService.js
FN:4,getPlansByCountry
FN:13,getUserPlan
FN:26,setUserPlan
FNF:3
FNH:0
FNDA:0,getPlansByCountry
FNDA:0,getUserPlan
FNDA:0,setUserPlan
DA:5,0
DA:9,0
DA:14,0
DA:22,0
DA:27,0
LF:5
LH:0
BRDA:22,0,0,0
BRDA:22,0,1,0
BRDA:26,1,0,0
BRDA:26,2,0,0
BRF:4
BRH:0
end_of_record
TN:
SF:src\services\scheduler.js
FN:19,withRetry
FN:29,(anonymous_1)
FN:37,setupScheduler
FN:41,(anonymous_3)
FN:46,(anonymous_4)
FN:47,(anonymous_5)
FN:48,(anonymous_6)
FN:69,(anonymous_7)
FN:81,(anonymous_8)
FN:92,(anonymous_9)
FN:108,(anonymous_10)
FN:110,(anonymous_11)
FN:125,(anonymous_12)
FNF:13
FNH:0
FNDA:0,withRetry
FNDA:0,(anonymous_1)
FNDA:0,setupScheduler
FNDA:0,(anonymous_3)
FNDA:0,(anonymous_4)
FNDA:0,(anonymous_5)
FNDA:0,(anonymous_6)
FNDA:0,(anonymous_7)
FNDA:0,(anonymous_8)
FNDA:0,(anonymous_9)
FNDA:0,(anonymous_10)
FNDA:0,(anonymous_11)
FNDA:0,(anonymous_12)
DA:20,0
DA:21,0
DA:22,0
DA:23,0
DA:25,0
DA:26,0
DA:27,0
DA:28,0
DA:29,0
DA:38,0
DA:41,0
DA:42,0
DA:43,0
DA:44,0
DA:46,0
DA:47,0
DA:48,0
DA:50,0
DA:61,0
DA:63,0
DA:69,0
DA:70,0
DA:71,0
DA:74,0
DA:76,0
DA:81,0
DA:82,0
DA:83,0
DA:84,0
DA:85,0
DA:87,0
DA:92,0
DA:93,0
DA:94,0
DA:95,0
DA:107,0
DA:108,0
DA:110,0
DA:111,0
DA:113,0
DA:116,0
DA:117,0
DA:120,0
DA:125,0
DA:126,0
DA:127,0
DA:128,0
DA:130,0
DA:134,0
LF:49
LH:0
BRDA:19,0,0,0
BRDA:19,1,0,0
BRDA:26,2,0,0
BRDA:26,2,1,0
BRDA:116,3,0,0
BRDA:116,3,1,0
BRF:6
BRH:0
end_of_record
TN:
SF:src\services\signalService.js
FN:3,saveSignal
FN:14,saveDominance
FNF:2
FNH:2
FNDA:3,saveSignal
FNDA:3,saveDominance
DA:4,3
DA:5,0
DA:6,0
DA:11,0
DA:15,3
DA:16,0
DA:17,0
DA:22,0
LF:8
LH:2
BRDA:4,0,0,3
BRDA:4,0,1,0
BRDA:5,1,0,0
BRDA:5,1,1,0
BRDA:15,2,0,3
BRDA:15,2,1,0
BRDA:16,3,0,0
BRDA:16,3,1,0
BRF:8
BRH:2
end_of_record
TN:
SF:src\services\tokenService.js
FN:4,generateTokens
FN:10,revokeToken
FN:14,isRevoked
FNF:3
FNH:0
FNDA:0,generateTokens
FNDA:0,revokeToken
FNDA:0,isRevoked
DA:5,0
DA:6,0
DA:7,0
DA:11,0
DA:15,0
DA:19,0
LF:6
LH:0
BRF:0
BRH:0
end_of_record
TN:
SF:src\services\userService.js
FN:6,jwtMiddleware
FN:22,registerUser
FN:42,loginUser
FN:65,forgotPassword
FN:70,getUserById
FN:81,updateUser
FN:85,(anonymous_6)
FN:101,saveCredentials
FN:116,getOperations
FN:126,getFinance
FN:136,getSubscriptions
FN:145,changeSubscription
FN:156,getRisks
FN:167,updateRisks
FN:181,getSignals
FN:191,requestWithdrawal
FN:200,getUserByEmail
FN:209,getTradeHistory
FN:218,getUserStatus
FN:243,getUserSettings
FNF:20
FNH:3
FNDA:0,jwtMiddleware
FNDA:0,registerUser
FNDA:0,loginUser
FNDA:0,forgotPassword
FNDA:0,getUserById
FNDA:0,updateUser
FNDA:0,(anonymous_6)
FNDA:0,saveCredentials
FNDA:0,getOperations
FNDA:0,getFinance
FNDA:0,getSubscriptions
FNDA:0,changeSubscription
FNDA:2,getRisks
FNDA:0,updateRisks
FNDA:0,getSignals
FNDA:0,requestWithdrawal
FNDA:0,getUserByEmail
FNDA:0,getTradeHistory
FNDA:2,getUserStatus
FNDA:2,getUserSettings
DA:7,0
DA:8,0
DA:9,0
DA:10,0
DA:12,0
DA:13,0
DA:14,0
DA:15,0
DA:17,0
DA:23,0
DA:27,0
DA:28,0
DA:30,0
DA:31,0
DA:38,0
DA:43,0
DA:47,0
DA:48,0
DA:50,0
DA:51,0
DA:52,0
DA:53,0
DA:55,0
DA:60,0
DA:61,0
DA:66,0
DA:71,0
DA:77,0
DA:82,0
DA:83,0
DA:84,0
DA:85,0
DA:86,0
DA:87,0
DA:88,0
DA:91,0
DA:92,0
DA:94,0
DA:95,0
DA:96,0
DA:97,0
DA:102,0
DA:112,0
DA:117,0
DA:118,0
DA:119,0
DA:120,0
DA:121,0
DA:122,0
DA:127,0
DA:131,0
DA:132,0
DA:137,0
DA:141,0
DA:146,0
DA:152,0
DA:157,2
DA:162,2
DA:168,0
DA:177,0
DA:182,0
DA:187,0
DA:192,0
DA:196,0
DA:201,0
DA:206,0
DA:210,0
DA:214,0
DA:219,2
DA:227,2
DA:235,2
DA:244,2
DA:245,2
DA:247,2
LF:74
LH:8
BRDA:7,0,0,0
BRDA:7,0,1,0
BRDA:9,1,0,0
BRDA:9,1,1,0
BRDA:27,2,0,0
BRDA:27,2,1,0
BRDA:47,3,0,0
BRDA:47,3,1,0
BRDA:52,4,0,0
BRDA:52,4,1,0
BRDA:56,5,0,0
BRDA:56,5,1,0
BRDA:77,6,0,0
BRDA:77,6,1,0
BRDA:86,7,0,0
BRDA:86,7,1,0
BRDA:91,8,0,0
BRDA:91,8,1,0
BRDA:118,9,0,0
BRDA:118,9,1,0
BRDA:119,10,0,0
BRDA:119,10,1,0
BRDA:131,11,0,0
BRDA:131,11,1,0
BRDA:162,12,0,1
BRDA:162,12,1,1
BRDA:206,13,0,0
BRDA:206,13,1,0
BRDA:237,14,0,2
BRDA:237,14,1,1
BRDA:238,15,0,2
BRDA:238,15,1,1
BRDA:245,16,0,2
BRDA:245,16,1,1
BRF:34
BRH:8
end_of_record
TN:
SF:src\services\whatsapp.js
FN:6,sendWhatsApp
FNF:1
FNH:0
FNDA:0,sendWhatsApp
DA:3,8
DA:4,8
DA:7,0
DA:10,0
DA:12,0
DA:14,0
DA:19,0
DA:20,0
LF:8
LH:2
BRDA:3,0,0,8
BRDA:3,0,1,0
BRDA:4,1,0,8
BRDA:4,1,1,0
BRDA:7,2,0,0
BRDA:7,2,1,0
BRF:6
BRH:2
end_of_record
TN:
SF:src\utils\logger.js
FNF:0
FNH:0
DA:4,8
DA:8,8
LF:2
LH:2
BRDA:4,0,0,8
BRDA:4,0,1,8
BRDA:5,1,0,0
BRDA:5,1,1,8
BRF:4
BRH:3
end_of_record
